This is pdfTeX, Version 3.141592653-2.6-1.40.26 (TeX Live 2025/dev/Debian) (preloaded format=pdflatex 2025.12.3)  26 MAR 2026 13:11
entering extended mode
 restricted \write18 enabled.
 %&-line parsing enabled.
**beamer.tex
(./beamer.tex
LaTeX2e <2024-11-01> patch level 2
L3 programming layer <2025-01-18>
(/usr/share/texlive/texmf-dist/tex/latex/beamer/beamer.cls
Document Class: beamer 2025/02/04 v3.72 A class for typesetting presentations
(/usr/share/texlive/texmf-dist/tex/latex/beamer/beamerbasemodes.sty (/usr/share
/texlive/texmf-dist/tex/latex/etoolbox/etoolbox.sty
Package: etoolbox 2025/02/11 v2.5l e-TeX tools for LaTeX (JAW)
\etb@tempcnta=\count196
)
\beamer@tempbox=\box52
\beamer@tempcount=\count197
\c@beamerpauses=\count198
(/usr/share/texlive/texmf-dist/tex/latex/beamer/beamerbasedecode.sty
\beamer@slideinframe=\count199
\beamer@minimum=\count266
\beamer@decode@box=\box53
)
\beamer@commentbox=\box54
\beamer@modecount=\count267
) (/usr/share/texlive/texmf-dist/tex/generic/iftex/iftex.sty
Package: iftex 2024/12/12 v1.0g TeX engine tests
)
\headdp=\dimen141
\footheight=\dimen142
\sidebarheight=\dimen143
\beamer@tempdim=\dimen144
\beamer@finalheight=\dimen145
\beamer@animht=\dimen146
\beamer@animdp=\dimen147
\beamer@animwd=\dimen148
\beamer@leftmargin=\dimen149
\beamer@rightmargin=\dimen150
\beamer@leftsidebar=\dimen151
\beamer@rightsidebar=\dimen152
\beamer@boxsize=\dimen153
\beamer@vboxoffset=\dimen154
\beamer@descdefault=\dimen155
\beamer@descriptionwidth=\dimen156
\beamer@lastskip=\skip49
\beamer@areabox=\box55
\beamer@animcurrent=\box56
\beamer@animshowbox=\box57
\beamer@sectionbox=\box58
\beamer@logobox=\box59
\beamer@linebox=\box60
\beamer@sectioncount=\count268
\beamer@subsubsectionmax=\count269
\beamer@subsectionmax=\count270
\beamer@sectionmax=\count271
\beamer@totalheads=\count272
\beamer@headcounter=\count273
\beamer@partstartpage=\count274
\beamer@sectionstartpage=\count275
\beamer@subsectionstartpage=\count276
\beamer@animationtempa=\count277
\beamer@animationtempb=\count278
\beamer@xpos=\count279
\beamer@ypos=\count280
\beamer@ypos@offset=\count281
\beamer@showpartnumber=\count282
\beamer@currentsubsection=\count283
\beamer@coveringdepth=\count284
\beamer@sectionadjust=\count285
\beamer@toclastsection=\count286
\beamer@tocsectionnumber=\count287
(/usr/share/texlive/texmf-dist/tex/latex/beamer/beamerbaseoptions.sty (/usr/sha
re/texlive/texmf-dist/tex/latex/graphics/keyval.sty
Package: keyval 2022/05/29 v1.15 key=value parser (DPC)
\KV@toks@=\toks17
))
\beamer@paperwidth=\skip50
\beamer@paperheight=\skip51
(/usr/share/texlive/texmf-dist/tex/latex/geometry/geometry.sty
Package: geometry 2020/01/02 v5.9 Page Geometry
(/usr/share/texlive/texmf-dist/tex/generic/iftex/ifvtex.sty
Package: ifvtex 2019/10/25 v1.7 ifvtex legacy package. Use iftex instead.
)
\Gm@cnth=\count288
\Gm@cntv=\count289
\c@Gm@tempcnt=\count290
\Gm@bindingoffset=\dimen157
\Gm@wd@mp=\dimen158
\Gm@odd@mp=\dimen159
\Gm@even@mp=\dimen160
\Gm@layoutwidth=\dimen161
\Gm@layoutheight=\dimen162
\Gm@layouthoffset=\dimen163
\Gm@layoutvoffset=\dimen164
\Gm@dimlist=\toks18
) (/usr/share/texlive/texmf-dist/tex/latex/pgf/math/pgfmath.sty (/usr/share/tex
live/texmf-dist/tex/latex/pgf/utilities/pgfrcs.sty (/usr/share/texlive/texmf-di
st/tex/generic/pgf/utilities/pgfutil-common.tex
\pgfutil@everybye=\toks19
\pgfutil@tempdima=\dimen165
\pgfutil@tempdimb=\dimen166
) (/usr/share/texlive/texmf-dist/tex/generic/pgf/utilities/pgfutil-latex.def
\pgfutil@abb=\box61
) (/usr/share/texlive/texmf-dist/tex/generic/pgf/utilities/pgfrcs.code.tex (/us
r/share/texlive/texmf-dist/tex/generic/pgf/pgf.revision.tex)
Package: pgfrcs 2023-01-15 v3.1.10 (3.1.10)
)) (/usr/share/texlive/texmf-dist/tex/latex/pgf/utilities/pgfkeys.sty (/usr/sha
re/texlive/texmf-dist/tex/generic/pgf/utilities/pgfkeys.code.tex
\pgfkeys@pathtoks=\toks20
\pgfkeys@temptoks=\toks21

(/usr/share/texlive/texmf-dist/tex/generic/pgf/utilities/pgfkeyslibraryfiltered
.code.tex
\pgfkeys@tmptoks=\toks22
))) (/usr/share/texlive/texmf-dist/tex/generic/pgf/math/pgfmath.code.tex (/usr/
share/texlive/texmf-dist/tex/generic/pgf/math/pgfmathutil.code.tex
\pgf@x=\dimen167
\pgf@xa=\dimen168
\pgf@xb=\dimen169
\pgf@xc=\dimen170
\pgf@y=\dimen171
\pgf@ya=\dimen172
\pgf@yb=\dimen173
\pgf@yc=\dimen174
\c@pgf@counta=\count291
\c@pgf@countb=\count292
\c@pgf@countc=\count293
\c@pgf@countd=\count294
) (/usr/share/texlive/texmf-dist/tex/generic/pgf/math/pgfmathparser.code.tex
\pgfmath@dimen=\dimen175
\pgfmath@count=\count295
\pgfmath@box=\box62
\pgfmath@toks=\toks23
\pgfmath@stack@operand=\toks24
\pgfmath@stack@operation=\toks25
) (/usr/share/texlive/texmf-dist/tex/generic/pgf/math/pgfmathfunctions.code.tex
)
(/usr/share/texlive/texmf-dist/tex/generic/pgf/math/pgfmathfunctions.basic.code
.tex)
(/usr/share/texlive/texmf-dist/tex/generic/pgf/math/pgfmathfunctions.trigonomet
ric.code.tex)
(/usr/share/texlive/texmf-dist/tex/generic/pgf/math/pgfmathfunctions.random.cod
e.tex)
(/usr/share/texlive/texmf-dist/tex/generic/pgf/math/pgfmathfunctions.comparison
.code.tex)
(/usr/share/texlive/texmf-dist/tex/generic/pgf/math/pgfmathfunctions.base.code.
tex)
(/usr/share/texlive/texmf-dist/tex/generic/pgf/math/pgfmathfunctions.round.code
.tex)
(/usr/share/texlive/texmf-dist/tex/generic/pgf/math/pgfmathfunctions.misc.code.
tex)
(/usr/share/texlive/texmf-dist/tex/generic/pgf/math/pgfmathfunctions.integerari
thmetics.code.tex) (/usr/share/texlive/texmf-dist/tex/generic/pgf/math/pgfmathc
alc.code.tex) (/usr/share/texlive/texmf-dist/tex/generic/pgf/math/pgfmathfloat.
code.tex
\c@pgfmathroundto@lastzeros=\count296
))) (/usr/share/texlive/texmf-dist/tex/latex/base/size11.clo
File: size11.clo 2024/06/29 v1.4n Standard LaTeX file (size option)
) (/usr/share/texlive/texmf-dist/tex/latex/pgf/basiclayer/pgfcore.sty (/usr/sha
re/texlive/texmf-dist/tex/latex/graphics/graphicx.sty
Package: graphicx 2021/09/16 v1.2d Enhanced LaTeX Graphics (DPC,SPQR)
(/usr/share/texlive/texmf-dist/tex/latex/graphics/graphics.sty
Package: graphics 2024/08/06 v1.4g Standard LaTeX Graphics (DPC,SPQR)
(/usr/share/texlive/texmf-dist/tex/latex/graphics/trig.sty
Package: trig 2023/12/02 v1.11 sin cos tan (DPC)
) (/usr/share/texlive/texmf-dist/tex/latex/graphics-cfg/graphics.cfg
File: graphics.cfg 2016/06/04 v1.11 sample graphics configuration
)
Package graphics Info: Driver file: pdftex.def on input line 106.
(/usr/share/texlive/texmf-dist/tex/latex/graphics-def/pdftex.def
File: pdftex.def 2024/04/13 v1.2c Graphics/color driver for pdftex
))
\Gin@req@height=\dimen176
\Gin@req@width=\dimen177
) (/usr/share/texlive/texmf-dist/tex/latex/pgf/systemlayer/pgfsys.sty (/usr/sha
re/texlive/texmf-dist/tex/generic/pgf/systemlayer/pgfsys.code.tex
Package: pgfsys 2023-01-15 v3.1.10 (3.1.10)
\pgf@x=\dimen178
\pgf@y=\dimen179
\pgf@xa=\dimen180
\pgf@ya=\dimen181
\pgf@xb=\dimen182
\pgf@yb=\dimen183
\pgf@xc=\dimen184
\pgf@yc=\dimen185
\pgf@xd=\dimen186
\pgf@yd=\dimen187
\w@pgf@writea=\write3
\r@pgf@reada=\read2
\c@pgf@counta=\count297
\c@pgf@countb=\count298
\c@pgf@countc=\count299
\c@pgf@countd=\count300
\t@pgf@toka=\toks26
\t@pgf@tokb=\toks27
\t@pgf@tokc=\toks28
\pgf@sys@id@count=\count301
(/usr/share/texlive/texmf-dist/tex/generic/pgf/systemlayer/pgf.cfg
File: pgf.cfg 2023-01-15 v3.1.10 (3.1.10)
)
Driver file for pgf: pgfsys-pdftex.def
(/usr/share/texlive/texmf-dist/tex/generic/pgf/systemlayer/pgfsys-pdftex.def
File: pgfsys-pdftex.def 2023-01-15 v3.1.10 (3.1.10)

(/usr/share/texlive/texmf-dist/tex/generic/pgf/systemlayer/pgfsys-common-pdf.de
f
File: pgfsys-common-pdf.def 2023-01-15 v3.1.10 (3.1.10)
)))
(/usr/share/texlive/texmf-dist/tex/generic/pgf/systemlayer/pgfsyssoftpath.code.
tex
File: pgfsyssoftpath.code.tex 2023-01-15 v3.1.10 (3.1.10)
\pgfsyssoftpath@smallbuffer@items=\count302
\pgfsyssoftpath@bigbuffer@items=\count303
)
(/usr/share/texlive/texmf-dist/tex/generic/pgf/systemlayer/pgfsysprotocol.code.
tex
File: pgfsysprotocol.code.tex 2023-01-15 v3.1.10 (3.1.10)
)) (/usr/share/texlive/texmf-dist/tex/latex/xcolor/xcolor.sty
Package: xcolor 2024/09/29 v3.02 LaTeX color extensions (UK)
(/usr/share/texlive/texmf-dist/tex/latex/graphics-cfg/color.cfg
File: color.cfg 2016/01/02 v1.6 sample color configuration
)
Package xcolor Info: Driver file: pdftex.def on input line 274.
(/usr/share/texlive/texmf-dist/tex/latex/graphics/mathcolor.ltx)
Package xcolor Info: Model `cmy' substituted by `cmy0' on input line 1349.
Package xcolor Info: Model `hsb' substituted by `rgb' on input line 1353.
Package xcolor Info: Model `RGB' extended on input line 1365.
Package xcolor Info: Model `HTML' substituted by `rgb' on input line 1367.
Package xcolor Info: Model `Hsb' substituted by `hsb' on input line 1368.
Package xcolor Info: Model `tHsb' substituted by `hsb' on input line 1369.
Package xcolor Info: Model `HSB' substituted by `hsb' on input line 1370.
Package xcolor Info: Model `Gray' substituted by `gray' on input line 1371.
Package xcolor Info: Model `wave' substituted by `hsb' on input line 1372.
) (/usr/share/texlive/texmf-dist/tex/generic/pgf/basiclayer/pgfcore.code.tex
Package: pgfcore 2023-01-15 v3.1.10 (3.1.10)
(/usr/share/texlive/texmf-dist/tex/generic/pgf/math/pgfint.code.tex)
(/usr/share/texlive/texmf-dist/tex/generic/pgf/basiclayer/pgfcorepoints.code.te
x
File: pgfcorepoints.code.tex 2023-01-15 v3.1.10 (3.1.10)
\pgf@picminx=\dimen188
\pgf@picmaxx=\dimen189
\pgf@picminy=\dimen190
\pgf@picmaxy=\dimen191
\pgf@pathminx=\dimen192
\pgf@pathmaxx=\dimen193
\pgf@pathminy=\dimen194
\pgf@pathmaxy=\dimen195
\pgf@xx=\dimen196
\pgf@xy=\dimen197
\pgf@yx=\dimen198
\pgf@yy=\dimen199
\pgf@zx=\dimen256
\pgf@zy=\dimen257
)
(/usr/share/texlive/texmf-dist/tex/generic/pgf/basiclayer/pgfcorepathconstruct.
code.tex
File: pgfcorepathconstruct.code.tex 2023-01-15 v3.1.10 (3.1.10)
\pgf@path@lastx=\dimen258
\pgf@path@lasty=\dimen259
)
(/usr/share/texlive/texmf-dist/tex/generic/pgf/basiclayer/pgfcorepathusage.code
.tex
File: pgfcorepathusage.code.tex 2023-01-15 v3.1.10 (3.1.10)
\pgf@shorten@end@additional=\dimen260
\pgf@shorten@start@additional=\dimen261
)
(/usr/share/texlive/texmf-dist/tex/generic/pgf/basiclayer/pgfcorescopes.code.te
x
File: pgfcorescopes.code.tex 2023-01-15 v3.1.10 (3.1.10)
\pgfpic=\box63
\pgf@hbox=\box64
\pgf@layerbox@main=\box65
\pgf@picture@serial@count=\count304
)
(/usr/share/texlive/texmf-dist/tex/generic/pgf/basiclayer/pgfcoregraphicstate.c
ode.tex
File: pgfcoregraphicstate.code.tex 2023-01-15 v3.1.10 (3.1.10)
\pgflinewidth=\dimen262
)
(/usr/share/texlive/texmf-dist/tex/generic/pgf/basiclayer/pgfcoretransformation
s.code.tex
File: pgfcoretransformations.code.tex 2023-01-15 v3.1.10 (3.1.10)
\pgf@pt@x=\dimen263
\pgf@pt@y=\dimen264
\pgf@pt@temp=\dimen265
)
(/usr/share/texlive/texmf-dist/tex/generic/pgf/basiclayer/pgfcorequick.code.tex
File: pgfcorequick.code.tex 2023-01-15 v3.1.10 (3.1.10)
)
(/usr/share/texlive/texmf-dist/tex/generic/pgf/basiclayer/pgfcoreobjects.code.t
ex
File: pgfcoreobjects.code.tex 2023-01-15 v3.1.10 (3.1.10)
)
(/usr/share/texlive/texmf-dist/tex/generic/pgf/basiclayer/pgfcorepathprocessing
.code.tex
File: pgfcorepathprocessing.code.tex 2023-01-15 v3.1.10 (3.1.10)
)
(/usr/share/texlive/texmf-dist/tex/generic/pgf/basiclayer/pgfcorearrows.code.te
x
File: pgfcorearrows.code.tex 2023-01-15 v3.1.10 (3.1.10)
\pgfarrowsep=\dimen266
)
(/usr/share/texlive/texmf-dist/tex/generic/pgf/basiclayer/pgfcoreshade.code.tex
File: pgfcoreshade.code.tex 2023-01-15 v3.1.10 (3.1.10)
\pgf@max=\dimen267
\pgf@sys@shading@range@num=\count305
\pgf@shadingcount=\count306
)
(/usr/share/texlive/texmf-dist/tex/generic/pgf/basiclayer/pgfcoreimage.code.tex
File: pgfcoreimage.code.tex 2023-01-15 v3.1.10 (3.1.10)
)
(/usr/share/texlive/texmf-dist/tex/generic/pgf/basiclayer/pgfcoreexternal.code.
tex
File: pgfcoreexternal.code.tex 2023-01-15 v3.1.10 (3.1.10)
\pgfexternal@startupbox=\box66
)
(/usr/share/texlive/texmf-dist/tex/generic/pgf/basiclayer/pgfcorelayers.code.te
x
File: pgfcorelayers.code.tex 2023-01-15 v3.1.10 (3.1.10)
)
(/usr/share/texlive/texmf-dist/tex/generic/pgf/basiclayer/pgfcoretransparency.c
ode.tex
File: pgfcoretransparency.code.tex 2023-01-15 v3.1.10 (3.1.10)
)
(/usr/share/texlive/texmf-dist/tex/generic/pgf/basiclayer/pgfcorepatterns.code.
tex
File: pgfcorepatterns.code.tex 2023-01-15 v3.1.10 (3.1.10)
) (/usr/share/texlive/texmf-dist/tex/generic/pgf/basiclayer/pgfcorerdf.code.tex
File: pgfcorerdf.code.tex 2023-01-15 v3.1.10 (3.1.10)
))) (/usr/share/texlive/texmf-dist/tex/latex/pgf/utilities/xxcolor.sty
Package: xxcolor 2003/10/24 ver 0.1
\XC@nummixins=\count307
\XC@countmixins=\count308
) (/usr/share/texlive/texmf-dist/tex/latex/base/atbegshi-ltx.sty
Package: atbegshi-ltx 2021/01/10 v1.0c Emulation of the original atbegshi
package with kernel methods
) (/usr/share/texlive/texmf-dist/tex/latex/hyperref/hyperref.sty
Package: hyperref 2024-11-05 v7.01l Hypertext links for LaTeX
(/usr/share/texlive/texmf-dist/tex/latex/kvsetkeys/kvsetkeys.sty
Package: kvsetkeys 2022-10-05 v1.19 Key value parser (HO)
) (/usr/share/texlive/texmf-dist/tex/generic/kvdefinekeys/kvdefinekeys.sty
Package: kvdefinekeys 2019-12-19 v1.6 Define keys (HO)
) (/usr/share/texlive/texmf-dist/tex/generic/pdfescape/pdfescape.sty
Package: pdfescape 2019/12/09 v1.15 Implements pdfTeX's escape features (HO)
(/usr/share/texlive/texmf-dist/tex/generic/ltxcmds/ltxcmds.sty
Package: ltxcmds 2023-12-04 v1.26 LaTeX kernel commands for general use (HO)
) (/usr/share/texlive/texmf-dist/tex/generic/pdftexcmds/pdftexcmds.sty
Package: pdftexcmds 2020-06-27 v0.33 Utility functions of pdfTeX for LuaTeX (HO
)
(/usr/share/texlive/texmf-dist/tex/generic/infwarerr/infwarerr.sty
Package: infwarerr 2019/12/03 v1.5 Providing info/warning/error messages (HO)
)
Package pdftexcmds Info: \pdf@primitive is available.
Package pdftexcmds Info: \pdf@ifprimitive is available.
Package pdftexcmds Info: \pdfdraftmode found.
)) (/usr/share/texlive/texmf-dist/tex/latex/hycolor/hycolor.sty
Package: hycolor 2020-01-27 v1.10 Color options for hyperref/bookmark (HO)
) (/usr/share/texlive/texmf-dist/tex/latex/hyperref/nameref.sty
Package: nameref 2023-11-26 v2.56 Cross-referencing by name of section
(/usr/share/texlive/texmf-dist/tex/latex/refcount/refcount.sty
Package: refcount 2019/12/15 v3.6 Data extraction from label references (HO)
) (/usr/share/texlive/texmf-dist/tex/generic/gettitlestring/gettitlestring.sty
Package: gettitlestring 2019/12/15 v1.6 Cleanup title references (HO)
(/usr/share/texlive/texmf-dist/tex/latex/kvoptions/kvoptions.sty
Package: kvoptions 2022-06-15 v3.15 Key value format for package options (HO)
))
\c@section@level=\count309
) (/usr/share/texlive/texmf-dist/tex/generic/stringenc/stringenc.sty
Package: stringenc 2019/11/29 v1.12 Convert strings between diff. encodings (HO
)
)
\@linkdim=\dimen268
\Hy@linkcounter=\count310
\Hy@pagecounter=\count311
(/usr/share/texlive/texmf-dist/tex/latex/hyperref/pd1enc.def
File: pd1enc.def 2024-11-05 v7.01l Hyperref: PDFDocEncoding definition (HO)
Now handling font encoding PD1 ...
... no UTF-8 mapping file for font encoding PD1
) (/usr/share/texlive/texmf-dist/tex/generic/intcalc/intcalc.sty
Package: intcalc 2019/12/15 v1.3 Expandable calculations with integers (HO)
)
\Hy@SavedSpaceFactor=\count312
(/usr/share/texlive/texmf-dist/tex/latex/hyperref/puenc.def
File: puenc.def 2024-11-05 v7.01l Hyperref: PDF Unicode definition (HO)
Now handling font encoding PU ...
... no UTF-8 mapping file for font encoding PU
)
Package hyperref Info: Option `bookmarks' set `true' on input line 4040.
Package hyperref Info: Option `bookmarksopen' set `true' on input line 4040.
Package hyperref Info: Option `implicit' set `false' on input line 4040.
Package hyperref Info: Hyper figures OFF on input line 4157.
Package hyperref Info: Link nesting OFF on input line 4162.
Package hyperref Info: Hyper index ON on input line 4165.
Package hyperref Info: Plain pages OFF on input line 4172.
Package hyperref Info: Backreferencing OFF on input line 4177.
Package hyperref Info: Implicit mode OFF; no redefinition of LaTeX internals.
Package hyperref Info: Bookmarks ON on input line 4424.
\c@Hy@tempcnt=\count313
(/usr/share/texlive/texmf-dist/tex/latex/url/url.sty
\Urlmuskip=\muskip17
Package: url 2013/09/16  ver 3.4  Verb mode for urls, etc.
)
LaTeX Info: Redefining \url on input line 4763.
\XeTeXLinkMargin=\dimen269
(/usr/share/texlive/texmf-dist/tex/generic/bitset/bitset.sty
Package: bitset 2019/12/09 v1.3 Handle bit-vector datatype (HO)
(/usr/share/texlive/texmf-dist/tex/generic/bigintcalc/bigintcalc.sty
Package: bigintcalc 2019/12/15 v1.5 Expandable calculations on big integers (HO
)
))
\Fld@menulength=\count314
\Field@Width=\dimen270
\Fld@charsize=\dimen271
Package hyperref Info: Hyper figures OFF on input line 6042.
Package hyperref Info: Link nesting OFF on input line 6047.
Package hyperref Info: Hyper index ON on input line 6050.
Package hyperref Info: backreferencing OFF on input line 6057.
Package hyperref Info: Link coloring OFF on input line 6062.
Package hyperref Info: Link coloring with OCG OFF on input line 6067.
Package hyperref Info: PDF/A mode OFF on input line 6072.
\Hy@abspage=\count315

Package hyperref Message: Stopped early.

)
Package hyperref Info: Driver (autodetected): hpdftex.
(/usr/share/texlive/texmf-dist/tex/latex/hyperref/hpdftex.def
File: hpdftex.def 2024-11-05 v7.01l Hyperref driver for pdfTeX
(/usr/share/texlive/texmf-dist/tex/latex/base/atveryend-ltx.sty
Package: atveryend-ltx 2020/08/19 v1.0a Emulation of the original atveryend pac
kage
with kernel methods
)
\Fld@listcount=\count316
\c@bookmark@seq@number=\count317
(/usr/share/texlive/texmf-dist/tex/latex/rerunfilecheck/rerunfilecheck.sty
Package: rerunfilecheck 2022-07-10 v1.10 Rerun checks for auxiliary files (HO)
(/usr/share/texlive/texmf-dist/tex/generic/uniquecounter/uniquecounter.sty
Package: uniquecounter 2019/12/15 v1.4 Provide unlimited unique counter (HO)
)
Package uniquecounter Info: New unique counter `rerunfilecheck' on input line 2
85.
)) (/usr/share/texlive/texmf-dist/tex/latex/beamer/beamerbaserequires.sty (/usr
/share/texlive/texmf-dist/tex/latex/beamer/beamerbasecompatibility.sty) (/usr/s
hare/texlive/texmf-dist/tex/latex/beamer/beamerbasefont.sty (/usr/share/texlive
/texmf-dist/tex/latex/amsfonts/amssymb.sty
Package: amssymb 2013/01/14 v3.01 AMS font symbols
(/usr/share/texlive/texmf-dist/tex/latex/amsfonts/amsfonts.sty
Package: amsfonts 2013/01/14 v3.01 Basic AMSFonts support
\@emptytoks=\toks29
\symAMSa=\mathgroup4
\symAMSb=\mathgroup5
LaTeX Font Info:    Redeclaring math symbol \hbar on input line 98.
LaTeX Font Info:    Overwriting math alphabet `\mathfrak' in version `bold'
(Font)                  U/euf/m/n --> U/euf/b/n on input line 106.
)) (/usr/share/texlive/texmf-dist/tex/latex/sansmathaccent/sansmathaccent.sty
Package: sansmathaccent 2020/01/31
(/usr/share/texlive/texmf-dist/tex/latex/koma-script/scrlfile.sty
Package: scrlfile 2024/10/24 v3.43 KOMA-Script package (file load hooks)
(/usr/share/texlive/texmf-dist/tex/latex/koma-script/scrlfile-hook.sty
Package: scrlfile-hook 2024/10/24 v3.43 KOMA-Script package (using LaTeX hooks)

(/usr/share/texlive/texmf-dist/tex/latex/koma-script/scrlogo.sty
Package: scrlogo 2024/10/24 v3.43 KOMA-Script package (logo)
))))) (/usr/share/texlive/texmf-dist/tex/latex/beamer/beamerbasetranslator.sty 
(/usr/share/texlive/texmf-dist/tex/latex/translator/translator.sty
Package: translator 2021-05-31 v1.12d Easy translation of strings in LaTeX
)) (/usr/share/texlive/texmf-dist/tex/latex/beamer/beamerbasemisc.sty) (/usr/sh
are/texlive/texmf-dist/tex/latex/beamer/beamerbasetwoscreens.sty) (/usr/share/t
exlive/texmf-dist/tex/latex/beamer/beamerbaseoverlay.sty
\beamer@argscount=\count318
\beamer@lastskipcover=\skip52
\beamer@trivlistdepth=\count319
) (/usr/share/texlive/texmf-dist/tex/latex/beamer/beamerbasetitle.sty) (/usr/sh
are/texlive/texmf-dist/tex/latex/beamer/beamerbasesection.sty
\c@lecture=\count320
\c@part=\count321
\c@section=\count322
\c@subsection=\count323
\c@subsubsection=\count324
) (/usr/share/texlive/texmf-dist/tex/latex/beamer/beamerbaseframe.sty
\beamer@framebox=\box67
\beamer@frametitlebox=\box68
\beamer@zoombox=\box69
\beamer@zoomcount=\count325
\beamer@zoomframecount=\count326
\beamer@frametextheight=\dimen272
\c@subsectionslide=\count327
\beamer@frametopskip=\skip53
\beamer@framebottomskip=\skip54
\beamer@frametopskipautobreak=\skip55
\beamer@framebottomskipautobreak=\skip56
\beamer@envbody=\toks30
\framewidth=\dimen273
\c@framenumber=\count328
) (/usr/share/texlive/texmf-dist/tex/latex/beamer/beamerbaseverbatim.sty
\beamer@verbatimfileout=\write4
) (/usr/share/texlive/texmf-dist/tex/latex/beamer/beamerbaseframesize.sty
\beamer@splitbox=\box70
\beamer@autobreakcount=\count329
\beamer@autobreaklastheight=\dimen274
\beamer@frametitletoks=\toks31
\beamer@framesubtitletoks=\toks32
) (/usr/share/texlive/texmf-dist/tex/latex/beamer/beamerbaseframecomponents.sty
\beamer@footins=\box71
) (/usr/share/texlive/texmf-dist/tex/latex/beamer/beamerbasecolor.sty) (/usr/sh
are/texlive/texmf-dist/tex/latex/beamer/beamerbasenotes.sty
\beamer@frameboxcopy=\box72
) (/usr/share/texlive/texmf-dist/tex/latex/beamer/beamerbasetoc.sty) (/usr/shar
e/texlive/texmf-dist/tex/latex/beamer/beamerbasetemplates.sty
\beamer@sbttoks=\toks33
(/usr/share/texlive/texmf-dist/tex/latex/beamer/beamerbaseauxtemplates.sty (/us
r/share/texlive/texmf-dist/tex/latex/beamer/beamerbaseboxes.sty
\bmb@box=\box73
\bmb@colorbox=\box74
\bmb@boxwidth=\dimen275
\bmb@boxheight=\dimen276
\bmb@prevheight=\dimen277
\bmb@temp=\dimen278
\bmb@dima=\dimen279
\bmb@dimb=\dimen280
\bmb@prevheight=\dimen281
)
\beamer@blockheadheight=\dimen282
)) (/usr/share/texlive/texmf-dist/tex/latex/beamer/beamerbaselocalstructure.sty
(/usr/share/texlive/texmf-dist/tex/latex/tools/enumerate.sty
Package: enumerate 2023/07/04 v3.00 enumerate extensions (DPC)
\@enLab=\toks34
)
\beamer@bibiconwidth=\skip57
\c@figure=\count330
\c@table=\count331
\abovecaptionskip=\skip58
\belowcaptionskip=\skip59
) (/usr/share/texlive/texmf-dist/tex/latex/beamer/beamerbasenavigation.sty
(/usr/share/texlive/texmf-dist/tex/latex/beamer/beamerbasenavigationsymbols.tex
)
\beamer@section@min@dim=\dimen283
) (/usr/share/texlive/texmf-dist/tex/latex/beamer/beamerbasetheorems.sty (/usr/
share/texlive/texmf-dist/tex/latex/amsmath/amsmath.sty
Package: amsmath 2024/11/05 v2.17t AMS math features
\@mathmargin=\skip60
For additional information on amsmath, use the `?' option.
(/usr/share/texlive/texmf-dist/tex/latex/amsmath/amstext.sty
Package: amstext 2021/08/26 v2.01 AMS text
(/usr/share/texlive/texmf-dist/tex/latex/amsmath/amsgen.sty
File: amsgen.sty 1999/11/30 v2.0 generic functions
\@emptytoks=\toks35
\ex@=\dimen284
)) (/usr/share/texlive/texmf-dist/tex/latex/amsmath/amsbsy.sty
Package: amsbsy 1999/11/29 v1.2d Bold Symbols
\pmbraise@=\dimen285
) (/usr/share/texlive/texmf-dist/tex/latex/amsmath/amsopn.sty
Package: amsopn 2022/04/08 v2.04 operator names
)
\inf@bad=\count332
LaTeX Info: Redefining \frac on input line 233.
\uproot@=\count333
\leftroot@=\count334
LaTeX Info: Redefining \overline on input line 398.
LaTeX Info: Redefining \colon on input line 409.
\classnum@=\count335
\DOTSCASE@=\count336
LaTeX Info: Redefining \ldots on input line 495.
LaTeX Info: Redefining \dots on input line 498.
LaTeX Info: Redefining \cdots on input line 619.
\Mathstrutbox@=\box75
\strutbox@=\box76
LaTeX Info: Redefining \big on input line 721.
LaTeX Info: Redefining \Big on input line 722.
LaTeX Info: Redefining \bigg on input line 723.
LaTeX Info: Redefining \Bigg on input line 724.
\big@size=\dimen286
LaTeX Font Info:    Redeclaring font encoding OML on input line 742.
LaTeX Font Info:    Redeclaring font encoding OMS on input line 743.
\macc@depth=\count337
LaTeX Info: Redefining \bmod on input line 904.
LaTeX Info: Redefining \pmod on input line 909.
LaTeX Info: Redefining \smash on input line 939.
LaTeX Info: Redefining \relbar on input line 969.
LaTeX Info: Redefining \Relbar on input line 970.
\c@MaxMatrixCols=\count338
\dotsspace@=\muskip18
\c@parentequation=\count339
\dspbrk@lvl=\count340
\tag@help=\toks36
\row@=\count341
\column@=\count342
\maxfields@=\count343
\andhelp@=\toks37
\eqnshift@=\dimen287
\alignsep@=\dimen288
\tagshift@=\dimen289
\tagwidth@=\dimen290
\totwidth@=\dimen291
\lineht@=\dimen292
\@envbody=\toks38
\multlinegap=\skip61
\multlinetaggap=\skip62
\mathdisplay@stack=\toks39
LaTeX Info: Redefining \[ on input line 2953.
LaTeX Info: Redefining \] on input line 2954.
) (/usr/share/texlive/texmf-dist/tex/latex/amscls/amsthm.sty
Package: amsthm 2020/05/29 v2.20.6
\thm@style=\toks40
\thm@bodyfont=\toks41
\thm@headfont=\toks42
\thm@notefont=\toks43
\thm@headpunct=\toks44
\thm@preskip=\skip63
\thm@postskip=\skip64
\thm@headsep=\skip65
\dth@everypar=\toks45
)
\c@theorem=\count344
) (/usr/share/texlive/texmf-dist/tex/latex/beamer/beamerbasethemes.sty)) (/usr/
share/texlive/texmf-dist/tex/latex/beamer/beamerthemedefault.sty (/usr/share/te
xlive/texmf-dist/tex/latex/beamer/beamerfontthemedefault.sty) (/usr/share/texli
ve/texmf-dist/tex/latex/beamer/beamercolorthemedefault.sty) (/usr/share/texlive
/texmf-dist/tex/latex/beamer/beamerinnerthemedefault.sty
\beamer@dima=\dimen293
\beamer@dimb=\dimen294
) (/usr/share/texlive/texmf-dist/tex/latex/beamer/beamerouterthemedefault.sty))
) (/usr/share/texlive/texmf-dist/tex/latex/beamer/beamerfontthemeserif.sty) (/u
sr/share/texlive/texmf-dist/tex/latex/caption/subcaption.sty
Package: subcaption 2023/07/28 v1.6b Sub-captions (AR)
(/usr/share/texlive/texmf-dist/tex/latex/caption/caption.sty
Package: caption 2023/08/05 v3.6o Customizing captions (AR)
(/usr/share/texlive/texmf-dist/tex/latex/caption/caption3.sty
Package: caption3 2023/07/31 v2.4d caption3 kernel (AR)
\caption@tempdima=\dimen295
\captionmargin=\dimen296
\caption@leftmargin=\dimen297
\caption@rightmargin=\dimen298
\caption@width=\dimen299
\caption@indent=\dimen300
\caption@parindent=\dimen301
\caption@hangindent=\dimen302
Package caption Info: beamer document class detected.
(/usr/share/texlive/texmf-dist/tex/latex/caption/caption-beamer.sto
File: caption-beamer.sto 2022/01/06 v2.0c Adaption of the caption package to th
e beamer document classes (AR)
))
\c@caption@flags=\count345
\c@continuedfloat=\count346
Package caption Info: hyperref package is loaded.
Package caption Info: Hyperref support is turned off
(caption)             because hyperref has stopped early.
)
Package caption Info: New subtype `subfigure' on input line 238.
\c@subfigure=\count347
Package caption Info: New subtype `subtable' on input line 238.
\c@subtable=\count348
) (./libraries/packages.tex (/usr/share/texlive/texmf-dist/tex/generic/babel/ba
bel.sty
Package: babel 2025/02/14 v25.4 The multilingual framework for pdfLaTeX, LuaLaT
eX and XeLaTeX
\babel@savecnt=\count349
\U@D=\dimen303
\l@unhyphenated=\language90
(/usr/share/texlive/texmf-dist/tex/generic/babel/txtbabel.def)
\bbl@readstream=\read3
LaTeX Info: Redefining \textlatin on input line 3835.
\bbl@dirlevel=\count350
(/usr/share/texlive/texmf-dist/tex/generic/babel-spanish/spanish.ldf
Language: spanish.ldf 2021/05/27 v5.0q Spanish support from the babel system
\es@quottoks=\toks46
\es@quotdepth=\count351
Package babel Info: Making " an active character on input line 570.
Package babel Info: Making . an active character on input line 675.
Package babel Info: Making < an active character on input line 722.
Package babel Info: Making > an active character on input line 722.
)) (/usr/share/texlive/texmf-dist/tex/generic/babel/locale/es/babel-spanish.tex
Package babel Info: Importing font and identification data for spanish
(babel)             from babel-es.ini. Reported on input line 11.
) (/usr/share/texlive/texmf-dist/tex/latex/academicons/academicons.sty
Package: academicons 2021/11/26 v1.9.1 Academicons Icons
) (/usr/share/texlive/texmf-dist/tex/latex/tools/bm.sty
Package: bm 2023/12/19 v1.2f Bold Symbol Support (DPC/FMi)
\symboldoperators=\mathgroup6
\symboldletters=\mathgroup7
\symboldsymbols=\mathgroup8
Package bm Info: No bold for \OMX/cmex/m/n, using \pmb.
Package bm Info: No bold for \U/msa/m/n, using \pmb.
Package bm Info: No bold for \U/msb/m/n, using \pmb.
LaTeX Font Info:    Redeclaring math alphabet \mathbf on input line 149.
) (/usr/share/texlive/texmf-dist/tex/latex/tools/calc.sty
Package: calc 2023/07/08 v4.3 Infix arithmetic (KKT,FJ)
\calc@Acount=\count352
\calc@Bcount=\count353
\calc@Adimen=\dimen304
\calc@Bdimen=\dimen305
\calc@Askip=\skip66
\calc@Bskip=\skip67
LaTeX Info: Redefining \setlength on input line 80.
LaTeX Info: Redefining \addtolength on input line 81.
\calc@Ccount=\count354
\calc@Cskip=\skip68
) (/usr/share/texlive/texmf-dist/tex/latex/calrsfs/calrsfs.sty
\symrsfscript=\mathgroup9
) (/usr/share/texlive/texmf-dist/tex/latex/fancybox/fancybox.sty
Package: fancybox 2010/05/15 1.4
Style option: `fancybox' v1.4 <2010/05/15> (tvz)
\@fancybox=\box77
\shadowsize=\dimen306
\@Sbox=\box78
\do@VerbBox=\toks47
\the@fancyput=\toks48
\this@fancyput=\toks49
\EndVerbatimTokens=\toks50
\Verbatim@Outfile=\write5
\Verbatim@Infile=\read4
) (/usr/share/texlive/texmf-dist/tex/latex/base/latexsym.sty
Package: latexsym 1998/08/17 v2.2e Standard LaTeX package (lasy symbols)
\symlasy=\mathgroup10
LaTeX Font Info:    Overwriting symbol font `lasy' in version `bold'
(Font)                  U/lasy/m/n --> U/lasy/b/n on input line 52.
) (/usr/share/texlive/texmf-dist/tex/latex/listings/listings.sty
\lst@mode=\count355
\lst@gtempboxa=\box79
\lst@token=\toks51
\lst@length=\count356
\lst@currlwidth=\dimen307
\lst@column=\count357
\lst@pos=\count358
\lst@lostspace=\dimen308
\lst@width=\dimen309
\lst@newlines=\count359
\lst@lineno=\count360
\lst@maxwidth=\dimen310
(/usr/share/texlive/texmf-dist/tex/latex/listings/lstpatch.sty
File: lstpatch.sty 2024/09/23 1.10c (Carsten Heinz)
) (/usr/share/texlive/texmf-dist/tex/latex/listings/lstmisc.sty
File: lstmisc.sty 2024/09/23 1.10c (Carsten Heinz)
\c@lstnumber=\count361
\lst@skipnumbers=\count362
\lst@framebox=\box80
) (/usr/share/texlive/texmf-dist/tex/latex/listings/listings.cfg
File: listings.cfg 2024/09/23 1.10c listings configuration
))
Package: listings 2024/09/23 1.10c (Carsten Heinz)
(/usr/share/texlive/texmf-dist/tex/latex/psnfss/mathpazo.sty
Package: mathpazo 2020/03/25 PSNFSS-v9.3 Palatino w/ Pazo Math (D.Puga, WaS) 
\symupright=\mathgroup11
) (/usr/share/texlive/texmf-dist/tex/latex/psnfss/palatino.sty
Package: palatino 2020/03/25 PSNFSS-v9.3 (SPQR) 
) (/usr/share/texlive/texmf-dist/tex/latex/tools/multicol.sty
Package: multicol 2024/09/14 v1.9i multicolumn formatting (FMi)
\c@tracingmulticols=\count363
\mult@box=\box81
\multicol@leftmargin=\dimen311
\c@unbalance=\count364
\c@collectmore=\count365
\doublecol@number=\count366
\multicoltolerance=\count367
\multicolpretolerance=\count368
\full@width=\dimen312
\page@free=\dimen313
\premulticols=\dimen314
\postmulticols=\dimen315
\multicolsep=\skip69
\multicolbaselineskip=\skip70
\partial@page=\box82
\last@line=\box83
\mc@boxedresult=\box84
\maxbalancingoverflow=\dimen316
\mult@rightbox=\box85
\mult@grightbox=\box86
\mult@firstbox=\box87
\mult@gfirstbox=\box88
\@tempa=\box89
\@tempa=\box90
\@tempa=\box91
\@tempa=\box92
\@tempa=\box93
\@tempa=\box94
\@tempa=\box95
\@tempa=\box96
\@tempa=\box97
\@tempa=\box98
\@tempa=\box99
\@tempa=\box100
\@tempa=\box101
\@tempa=\box102
\@tempa=\box103
\@tempa=\box104
\@tempa=\box105
\@tempa=\box106
\@tempa=\box107
\@tempa=\box108
\@tempa=\box109
\@tempa=\box110
\@tempa=\box111
\@tempa=\box112
\@tempa=\box113
\@tempa=\box114
\@tempa=\box115
\@tempa=\box116
\@tempa=\box117
\@tempa=\box118
\@tempa=\box119
\@tempa=\box120
\@tempa=\box121
\@tempa=\box122
\@tempa=\box123
\@tempa=\box124
\c@minrows=\count369
\c@columnbadness=\count370
\c@finalcolumnbadness=\count371
\last@try=\dimen317
\multicolovershoot=\dimen318
\multicolundershoot=\dimen319
\mult@nat@firstbox=\box125
\colbreak@box=\box126
\mc@col@check@num=\count372
) (/usr/share/texlive/texmf-dist/tex/latex/psnfss/pifont.sty
Package: pifont 2020/03/25 PSNFSS-v9.3 Pi font support (SPQR) 
LaTeX Font Info:    Trying to load font information for U+pzd on input line 63.

(/usr/share/texlive/texmf-dist/tex/latex/psnfss/upzd.fd
File: upzd.fd 2001/06/04 font definitions for U/pzd.
)
LaTeX Font Info:    Trying to load font information for U+psy on input line 64.

(/usr/share/texlive/texmf-dist/tex/latex/psnfss/upsy.fd
File: upsy.fd 2001/06/04 font definitions for U/psy.
)) (/usr/share/texlive/texmf-dist/tex/latex/tools/tabularx.sty
Package: tabularx 2023/12/11 v2.12a `tabularx' package (DPC)
(/usr/share/texlive/texmf-dist/tex/latex/tools/array.sty
Package: array 2024/10/17 v2.6g Tabular extension package (FMi)
\col@sep=\dimen320
\ar@mcellbox=\box127
\extrarowheight=\dimen321
\NC@list=\toks52
\extratabsurround=\skip71
\backup@length=\skip72
\ar@cellbox=\box128
)
\TX@col@width=\dimen322
\TX@old@table=\dimen323
\TX@old@col=\dimen324
\TX@target=\dimen325
\TX@delta=\dimen326
\TX@cols=\count373
\TX@ftn=\toks53
) (/usr/share/texlive/texmf-dist/tex/latex/sidecap/sidecap.sty
Package: sidecap 2023/01/24 v1.7a SideCap Package (RN/HjG)
(/usr/share/texlive/texmf-dist/tex/latex/base/ifthen.sty
Package: ifthen 2024/03/16 v1.1e Standard LaTeX ifthen package (DPC)
)
\SC@BOXWD=\dimen327
\SC@CAPWD=\dimen328
\SC@tempdima=\dimen329
\SC@tempdimb=\dimen330
\c@SC@C=\count374
\SC@BOX=\box129
) (/usr/share/texlive/texmf-dist/tex/latex/subfigure/subfigure.sty
Package: subfigure 2002/03/15 v2.1.5 subfigure package
\subfigtopskip=\skip73
\subfigcapskip=\skip74
\subfigcaptopadj=\dimen331
\subfigbottomskip=\skip75
\subfigcapmargin=\dimen332
\subfiglabelskip=\skip76

! LaTeX Error: Command \c@subfigure already defined.
               Or name \end... illegal, see p.192 of the manual.

See the LaTeX manual or LaTeX Companion for explanation.
Type  H <return>  for immediate help.
 ...                                              
                                                  
l.113 \newcounter{subfigure}
                            [figure]
Your command was ignored.
Type  I <command> <return>  to replace it with another command,
or  <return>  to continue without it.


! LaTeX Error: Command \l@subfigure already defined.
               Or name \end... illegal, see p.192 of the manual.

See the LaTeX manual or LaTeX Companion for explanation.
Type  H <return>  for immediate help.
 ...                                              
                                                  
l.123 ...xxxline{\ext@subfigure}{2}{3.8em}{2.5em}}
                                                  
Your command was ignored.
Type  I <command> <return>  to replace it with another command,
or  <return>  to continue without it.

\c@lofdepth=\count375

! LaTeX Error: Command \c@subtable already defined.
               Or name \end... illegal, see p.192 of the manual.

See the LaTeX manual or LaTeX Companion for explanation.
Type  H <return>  for immediate help.
 ...                                              
                                                  
l.126 \newcounter{subtable}
                           [table]
Your command was ignored.
Type  I <command> <return>  to replace it with another command,
or  <return>  to continue without it.


! LaTeX Error: Command \l@subtable already defined.
               Or name \end... illegal, see p.192 of the manual.

See the LaTeX manual or LaTeX Companion for explanation.
Type  H <return>  for immediate help.
 ...                                              
                                                  
l.136 ...dxxxline{\ext@subtable}{2}{3.8em}{2.5em}}
                                                  
Your command was ignored.
Type  I <command> <return>  to replace it with another command,
or  <return>  to continue without it.

\c@lotdepth=\count376
****************************************
* Local config file subfigure.cfg used *
****************************************
(/usr/share/texlive/texmf-dist/tex/latex/subfigure/subfigure.cfg)

! LaTeX Error: Command \subfigure already defined.
               Or name \end... illegal, see p.192 of the manual.

See the LaTeX manual or LaTeX Companion for explanation.
Type  H <return>  for immediate help.
 ...                                              
                                                  
l.220       {\@subfigure[\@empty]}}
                                   
Your command was ignored.
Type  I <command> <return>  to replace it with another command,
or  <return>  to continue without it.

\subfig@top=\skip77
\subfig@bottom=\skip78

! LaTeX Error: Command \subref already defined.
               Or name \end... illegal, see p.192 of the manual.

See the LaTeX manual or LaTeX Companion for explanation.
Type  H <return>  for immediate help.
 ...                                              
                                                  
l.413   \ref{sub@#1}}
                     
Your command was ignored.
Type  I <command> <return>  to replace it with another command,
or  <return>  to continue without it.

) (/usr/share/texlive/texmf-dist/tex/latex/pgf/frontendlayer/tikz.sty (/usr/sha
re/texlive/texmf-dist/tex/latex/pgf/basiclayer/pgf.sty
Package: pgf 2023-01-15 v3.1.10 (3.1.10)

(/usr/share/texlive/texmf-dist/tex/generic/pgf/modules/pgfmoduleshapes.code.tex
File: pgfmoduleshapes.code.tex 2023-01-15 v3.1.10 (3.1.10)
\pgfnodeparttextbox=\box130
) (/usr/share/texlive/texmf-dist/tex/generic/pgf/modules/pgfmoduleplot.code.tex
File: pgfmoduleplot.code.tex 2023-01-15 v3.1.10 (3.1.10)
)
(/usr/share/texlive/texmf-dist/tex/latex/pgf/compatibility/pgfcomp-version-0-65
.sty
Package: pgfcomp-version-0-65 2023-01-15 v3.1.10 (3.1.10)
\pgf@nodesepstart=\dimen333
\pgf@nodesepend=\dimen334
)
(/usr/share/texlive/texmf-dist/tex/latex/pgf/compatibility/pgfcomp-version-1-18
.sty
Package: pgfcomp-version-1-18 2023-01-15 v3.1.10 (3.1.10)
)) (/usr/share/texlive/texmf-dist/tex/latex/pgf/utilities/pgffor.sty (/usr/shar
e/texlive/texmf-dist/tex/generic/pgf/utilities/pgffor.code.tex
Package: pgffor 2023-01-15 v3.1.10 (3.1.10)
\pgffor@iter=\dimen335
\pgffor@skip=\dimen336
\pgffor@stack=\toks54
\pgffor@toks=\toks55
))
(/usr/share/texlive/texmf-dist/tex/generic/pgf/frontendlayer/tikz/tikz.code.tex
Package: tikz 2023-01-15 v3.1.10 (3.1.10)

(/usr/share/texlive/texmf-dist/tex/generic/pgf/libraries/pgflibraryplothandlers
.code.tex
File: pgflibraryplothandlers.code.tex 2023-01-15 v3.1.10 (3.1.10)
\pgf@plot@mark@count=\count377
\pgfplotmarksize=\dimen337
)
\tikz@lastx=\dimen338
\tikz@lasty=\dimen339
\tikz@lastxsaved=\dimen340
\tikz@lastysaved=\dimen341
\tikz@lastmovetox=\dimen342
\tikz@lastmovetoy=\dimen343
\tikzleveldistance=\dimen344
\tikzsiblingdistance=\dimen345
\tikz@figbox=\box131
\tikz@figbox@bg=\box132
\tikz@tempbox=\box133
\tikz@tempbox@bg=\box134
\tikztreelevel=\count378
\tikznumberofchildren=\count379
\tikznumberofcurrentchild=\count380
\tikz@fig@count=\count381

(/usr/share/texlive/texmf-dist/tex/generic/pgf/modules/pgfmodulematrix.code.tex
File: pgfmodulematrix.code.tex 2023-01-15 v3.1.10 (3.1.10)
\pgfmatrixcurrentrow=\count382
\pgfmatrixcurrentcolumn=\count383
\pgf@matrix@numberofcolumns=\count384
)
\tikz@expandcount=\count385

(/usr/share/texlive/texmf-dist/tex/generic/pgf/frontendlayer/tikz/libraries/tik
zlibrarytopaths.code.tex
File: tikzlibrarytopaths.code.tex 2023-01-15 v3.1.10 (3.1.10)
))) (/usr/share/texlive/texmf-dist/tex/latex/psnfss/times.sty
Package: times 2020/03/25 PSNFSS-v9.3 (SPQR) 
) (/usr/share/texlive/texmf-dist/tex/latex/wrapfig/wrapfig.sty
\wrapoverhang=\dimen346
\WF@size=\dimen347
\c@WF@wrappedlines=\count386
\WF@box=\box135
\WF@everypar=\toks56
Package: wrapfig 2003/01/31  v 3.6
)) (./libraries/seed.tex (/usr/share/texlive/texmf-dist/tex/latex/beamer/beamer
themeWarsaw.sty (/usr/share/texlive/texmf-dist/tex/latex/beamer/beamerinnerthem
erounded.sty) (/usr/share/texlive/texmf-dist/tex/latex/beamer/beamerouterthemes
hadow.sty (/usr/share/texlive/texmf-dist/tex/latex/beamer/beamerouterthemesplit
.sty)) (/usr/share/texlive/texmf-dist/tex/latex/beamer/beamercolorthemeorchid.s
ty) (/usr/share/texlive/texmf-dist/tex/latex/beamer/beamercolorthemewhale.sty))
)
LaTeX Font Info:    Trying to load font information for OT1+ptm on input line 2
5.
(/usr/share/texlive/texmf-dist/tex/latex/psnfss/ot1ptm.fd
File: ot1ptm.fd 2001/06/04 font definitions for OT1/ptm.
) (/usr/share/texlive/texmf-dist/tex/latex/l3backend/l3backend-pdftex.def
File: l3backend-pdftex.def 2024-05-08 L3 backend support: PDF output (pdfTeX)
\l__color_backend_stack_int=\count387
\l__pdf_internal_box=\box136
) (./beamer.aux
LaTeX Info: Redefining \. on input line 12.
LaTeX Info: Redefining \% on input line 12.
)
\openout1 = `beamer.aux'.

LaTeX Font Info:    Checking defaults for OML/cmm/m/it on input line 25.
LaTeX Font Info:    ... okay on input line 25.
LaTeX Font Info:    Checking defaults for OMS/cmsy/m/n on input line 25.
LaTeX Font Info:    ... okay on input line 25.
LaTeX Font Info:    Checking defaults for OT1/cmr/m/n on input line 25.
LaTeX Font Info:    ... okay on input line 25.
LaTeX Font Info:    Checking defaults for T1/cmr/m/n on input line 25.
LaTeX Font Info:    ... okay on input line 25.
LaTeX Font Info:    Checking defaults for TS1/cmr/m/n on input line 25.
LaTeX Font Info:    ... okay on input line 25.
LaTeX Font Info:    Checking defaults for OMX/cmex/m/n on input line 25.
LaTeX Font Info:    ... okay on input line 25.
LaTeX Font Info:    Checking defaults for U/cmr/m/n on input line 25.
LaTeX Font Info:    ... okay on input line 25.
LaTeX Font Info:    Checking defaults for PD1/pdf/m/n on input line 25.
LaTeX Font Info:    ... okay on input line 25.
LaTeX Font Info:    Checking defaults for PU/pdf/m/n on input line 25.
LaTeX Font Info:    ... okay on input line 25.
*geometry* driver: auto-detecting
*geometry* detected driver: pdftex
*geometry* verbose mode - [ preamble ] result:
* driver: pdftex
* paper: custom
* layout: <same size as paper>
* layoutoffset:(h,v)=(0.0pt,0.0pt)
* modes: includehead includefoot 
* h-part:(L,W,R)=(28.45274pt, 307.28987pt, 28.45274pt)
* v-part:(T,H,B)=(0.0pt, 273.14662pt, 0.0pt)
* \paperwidth=364.19536pt
* \paperheight=273.14662pt
* \textwidth=307.28987pt
* \textheight=244.6939pt
* \oddsidemargin=-43.81725pt
* \evensidemargin=-43.81725pt
* \topmargin=-72.26999pt
* \headheight=14.22636pt
* \headsep=0.0pt
* \topskip=11.0pt
* \footskip=14.22636pt
* \marginparwidth=4.0pt
* \marginparsep=10.0pt
* \columnsep=10.0pt
* \skip\footins=10.0pt plus 4.0pt minus 2.0pt
* \hoffset=0.0pt
* \voffset=0.0pt
* \mag=1000
* \@twocolumnfalse
* \@twosidefalse
* \@mparswitchfalse
* \@reversemarginfalse
* (1in=72.27pt=25.4mm, 1cm=28.453pt)

(/usr/share/texlive/texmf-dist/tex/context/base/mkii/supp-pdf.mkii
[Loading MPS to PDF converter (version 2006.09.02).]
\scratchcounter=\count388
\scratchdimen=\dimen348
\scratchbox=\box137
\nofMPsegments=\count389
\nofMParguments=\count390
\everyMPshowfont=\toks57
\MPscratchCnt=\count391
\MPscratchDim=\dimen349
\MPnumerator=\count392
\makeMPintoPDFobject=\count393
\everyMPtoPDFconversion=\toks58
) (/usr/share/texlive/texmf-dist/tex/latex/epstopdf-pkg/epstopdf-base.sty
Package: epstopdf-base 2020-01-24 v2.11 Base part for package epstopdf
Package epstopdf-base Info: Redefining graphics rule for `.eps' on input line 4
85.
(/usr/share/texlive/texmf-dist/tex/latex/latexconfig/epstopdf-sys.cfg
File: epstopdf-sys.cfg 2010/07/13 v1.3 Configuration of (r)epstopdf for TeX Liv
e
))
Package hyperref Info: Link coloring OFF on input line 25.
(./beamer.out) (./beamer.out)
\@outlinefile=\write6
\openout6 = `beamer.out'.


(/usr/share/texlive/texmf-dist/tex/latex/translator/translator-basic-dictionary
-English.dict
Dictionary: translator-basic-dictionary, Language: English 
)
(/usr/share/texlive/texmf-dist/tex/latex/translator/translator-bibliography-dic
tionary-English.dict
Dictionary: translator-bibliography-dictionary, Language: English 
)
(/usr/share/texlive/texmf-dist/tex/latex/translator/translator-environment-dict
ionary-English.dict
Dictionary: translator-environment-dictionary, Language: English 
)
(/usr/share/texlive/texmf-dist/tex/latex/translator/translator-months-dictionar
y-English.dict
Dictionary: translator-months-dictionary, Language: English 
)
(/usr/share/texlive/texmf-dist/tex/latex/translator/translator-numbers-dictiona
ry-English.dict
Dictionary: translator-numbers-dictionary, Language: English 
)
(/usr/share/texlive/texmf-dist/tex/latex/translator/translator-theorem-dictiona
ry-English.dict
Dictionary: translator-theorem-dictionary, Language: English 
)
Package caption Info: Begin \AtBeginDocument code.
Package caption Info: listings package is loaded.
Package caption Info: sidecap package is loaded.
Package caption Info: subfigure package is loaded.
Package caption Info: wrapfig package is loaded.
Package caption Info: End \AtBeginDocument code.
LaTeX Info: Redefining \. on input line 25.
LaTeX Info: Redefining \% on input line 25.
\c@lstlisting=\count394
(/usr/share/texlive/texmf-dist/tex/latex/ragged2e/ragged2e.sty
Package: ragged2e 2023/06/22 v3.6 ragged2e Package
\CenteringLeftskip=\skip79
\RaggedLeftLeftskip=\skip80
\RaggedRightLeftskip=\skip81
\CenteringRightskip=\skip82
\RaggedLeftRightskip=\skip83
\RaggedRightRightskip=\skip84
\CenteringParfillskip=\skip85
\RaggedLeftParfillskip=\skip86
\RaggedRightParfillskip=\skip87
\JustifyingParfillskip=\skip88
\CenteringParindent=\skip89
\RaggedLeftParindent=\skip90
\RaggedRightParindent=\skip91
\JustifyingParindent=\skip92
) (./beamer.nav)
Overfull \hbox (5.99998pt too wide) in paragraph at lines 25--25
[][][][]  
 []


Overfull \vbox (1.04134pt too high) detected at line 25
 []


Overfull \hbox (5.99998pt too wide) in paragraph at lines 30--30
[][][][]  
 []


Overfull \vbox (1.04134pt too high) detected at line 30
 []



<shields/shield-bg.pdf, id=81, 312.98033pt x 483.69685pt>
File: shields/shield-bg.pdf Graphic file (type pdf)
<use shields/shield-bg.pdf>
Package pdftex.def Info: shields/shield-bg.pdf  used on input line 30.
(pdftex.def)             Requested size: 140.83984pt x 217.66156pt.
[1

{/var/lib/texmf/fonts/map/pdftex/updmap/pdftex.map}{/usr/share/texlive/texmf-di
st/fonts/enc/dvips/base/8r.enc} <./shields/shield-bg.pdf>]
Overfull \hbox (5.99998pt too wide) in paragraph at lines 43--43
[][][][]  
 []


Overfull \vbox (1.04134pt too high) detected at line 43
 []

LaTeX Info: Symbol \textrightarrow not provided by
            font family ptm in TS1 encoding.
            Default family used instead on input line 43.
LaTeX Info: Symbol \textrightarrow not provided by
            font family ptm in TS1 encoding.
            Default family used instead on input line 43.
LaTeX Info: Symbol \textrightarrow not provided by
            font family ptm in TS1 encoding.
            Default family used instead on input line 43.


File: shields/shield-bg.pdf Graphic file (type pdf)
<use shields/shield-bg.pdf>
Package pdftex.def Info: shields/shield-bg.pdf  used on input line 43.
(pdftex.def)             Requested size: 140.83984pt x 217.66156pt.

Overfull \vbox (1.04134pt too high) has occurred while \output is active []


Overfull \hbox (5.99998pt too wide) has occurred while \output is active
[][][][] 
 []

[2

{/usr/share/texmf/fonts/enc/dvips/cm-super/cm-super-ts1.enc}]
Overfull \hbox (5.99998pt too wide) in paragraph at lines 56--56
[][][][]  
 []


Overfull \vbox (1.04134pt too high) detected at line 56
 []

LaTeX Info: Symbol \textrightarrow not provided by
            font family ptm in TS1 encoding.
            Default family used instead on input line 56.
LaTeX Info: Symbol \textrightarrow not provided by
            font family ptm in TS1 encoding.
            Default family used instead on input line 56.
LaTeX Info: Symbol \textrightarrow not provided by
            font family ptm in TS1 encoding.
            Default family used instead on input line 56.
LaTeX Info: Symbol \textrightarrow not provided by
            font family ptm in TS1 encoding.
            Default family used instead on input line 56.


File: shields/shield-bg.pdf Graphic file (type pdf)
<use shields/shield-bg.pdf>
Package pdftex.def Info: shields/shield-bg.pdf  used on input line 56.
(pdftex.def)             Requested size: 140.83984pt x 217.66156pt.

Overfull \vbox (1.04134pt too high) has occurred while \output is active []


Overfull \hbox (5.99998pt too wide) has occurred while \output is active
[][][][] 
 []

[3

]
Overfull \hbox (5.99998pt too wide) in paragraph at lines 68--68
[][][][]  
 []


Overfull \vbox (1.04134pt too high) detected at line 68
 []

LaTeX Info: Symbol \textrightarrow not provided by
            font family ptm in TS1 encoding.
            Default family used instead on input line 68.


File: shields/shield-bg.pdf Graphic file (type pdf)
<use shields/shield-bg.pdf>
Package pdftex.def Info: shields/shield-bg.pdf  used on input line 68.
(pdftex.def)             Requested size: 140.83984pt x 217.66156pt.

Overfull \vbox (1.04134pt too high) has occurred while \output is active []


Overfull \hbox (5.99998pt too wide) has occurred while \output is active
[][][][] 
 []

[4

]
Overfull \hbox (5.99998pt too wide) in paragraph at lines 81--81
[][][][]  
 []


Overfull \vbox (1.04134pt too high) detected at line 81
 []

LaTeX Info: Symbol \textrightarrow not provided by
            font family ptm in TS1 encoding.
            Default family used instead on input line 81.


File: shields/shield-bg.pdf Graphic file (type pdf)
<use shields/shield-bg.pdf>
Package pdftex.def Info: shields/shield-bg.pdf  used on input line 81.
(pdftex.def)             Requested size: 140.83984pt x 217.66156pt.

Overfull \vbox (1.04134pt too high) has occurred while \output is active []


Overfull \hbox (5.99998pt too wide) has occurred while \output is active
[][][][] 
 []

[5

]
Overfull \hbox (5.99998pt too wide) in paragraph at lines 95--95
[][][][]  
 []


Overfull \vbox (1.04134pt too high) detected at line 95
 []



File: shields/shield-bg.pdf Graphic file (type pdf)
<use shields/shield-bg.pdf>
Package pdftex.def Info: shields/shield-bg.pdf  used on input line 95.
(pdftex.def)             Requested size: 140.83984pt x 217.66156pt.

Overfull \vbox (1.04134pt too high) has occurred while \output is active []


Overfull \hbox (5.99998pt too wide) has occurred while \output is active
[][][][] 
 []

[6

]
Overfull \hbox (5.99998pt too wide) in paragraph at lines 106--106
[][][][]  
 []


Overfull \vbox (1.04134pt too high) detected at line 106
 []

<images/copenhague.jpg, id=351, 191.9973pt x 144.54pt>
File: images/copenhague.jpg Graphic file (type jpg)
<use images/copenhague.jpg>
Package pdftex.def Info: images/copenhague.jpg  used on input line 106.
(pdftex.def)             Requested size: 245.83282pt x 185.0789pt.

Overfull \vbox (8.17218pt too high) detected at line 106
 []



File: shields/shield-bg.pdf Graphic file (type pdf)
<use shields/shield-bg.pdf>
Package pdftex.def Info: shields/shield-bg.pdf  used on input line 106.
(pdftex.def)             Requested size: 140.83984pt x 217.66156pt.

Overfull \vbox (1.04134pt too high) has occurred while \output is active []


Overfull \hbox (5.99998pt too wide) has occurred while \output is active
[][][][] 
 []

[7

 <./images/copenhague.jpg>]
Overfull \hbox (5.99998pt too wide) in paragraph at lines 122--122
[][][][]  
 []


Overfull \vbox (1.04134pt too high) detected at line 122
 []



File: shields/shield-bg.pdf Graphic file (type pdf)
<use shields/shield-bg.pdf>
Package pdftex.def Info: shields/shield-bg.pdf  used on input line 122.
(pdftex.def)             Requested size: 140.83984pt x 217.66156pt.

Overfull \vbox (1.04134pt too high) has occurred while \output is active []


Overfull \hbox (5.99998pt too wide) has occurred while \output is active
[][][][] 
 []

[8

]
Overfull \hbox (5.99998pt too wide) in paragraph at lines 131--131
[][][][]  
 []


Overfull \vbox (1.04134pt too high) detected at line 131
 []

<images/eprpaper.jpg, id=439, 1230.09563pt x 602.25pt>
File: images/eprpaper.jpg Graphic file (type jpg)
<use images/eprpaper.jpg>
Package pdftex.def Info: images/eprpaper.jpg  used on input line 131.
(pdftex.def)             Requested size: 338.02072pt x 165.4952pt.

Overfull \hbox (30.73085pt too wide) in paragraph at lines 131--131
 [] 
 []


Overfull \vbox (2.18848pt too high) detected at line 131
 []



File: shields/shield-bg.pdf Graphic file (type pdf)
<use shields/shield-bg.pdf>
Package pdftex.def Info: shields/shield-bg.pdf  used on input line 131.
(pdftex.def)             Requested size: 140.83984pt x 217.66156pt.

Overfull \vbox (1.04134pt too high) has occurred while \output is active []


Overfull \hbox (5.99998pt too wide) has occurred while \output is active
[][][][] 
 []

[9

 <./images/eprpaper.jpg>]
Overfull \hbox (5.99998pt too wide) in paragraph at lines 159--159
[][][][]  
 []


Overfull \vbox (1.04134pt too high) detected at line 159
 []

LaTeX Font Info:    Trying to load font information for OT1+ppl on input line 1
59.
(/usr/share/texlive/texmf-dist/tex/latex/psnfss/ot1ppl.fd
File: ot1ppl.fd 2001/06/04 font definitions for OT1/ppl.
)
LaTeX Font Info:    Trying to load font information for OML+zplm on input line 
159.
(/usr/share/texlive/texmf-dist/tex/latex/psnfss/omlzplm.fd
File: omlzplm.fd 2002/09/08 Fontinst v1.914 font definitions for OML/zplm.
)
LaTeX Font Info:    Trying to load font information for OMS+zplm on input line 
159.
(/usr/share/texlive/texmf-dist/tex/latex/psnfss/omszplm.fd
File: omszplm.fd 2002/09/08 Fontinst v1.914 font definitions for OMS/zplm.
)
LaTeX Font Info:    Trying to load font information for OMX+zplm on input line 
159.
(/usr/share/texlive/texmf-dist/tex/latex/psnfss/omxzplm.fd
File: omxzplm.fd 2002/09/08 Fontinst v1.914 font definitions for OMX/zplm.
)
LaTeX Font Info:    Font shape `U/msa/m/n' will be
(Font)              scaled to size 11.40997pt on input line 159.
LaTeX Font Info:    Font shape `U/msa/m/n' will be
(Font)              scaled to size 8.33606pt on input line 159.
LaTeX Font Info:    Font shape `U/msa/m/n' will be
(Font)              scaled to size 6.25204pt on input line 159.
LaTeX Font Info:    Font shape `U/msb/m/n' will be
(Font)              scaled to size 11.40997pt on input line 159.
LaTeX Font Info:    Font shape `U/msb/m/n' will be
(Font)              scaled to size 8.33606pt on input line 159.
LaTeX Font Info:    Font shape `U/msb/m/n' will be
(Font)              scaled to size 6.25204pt on input line 159.
LaTeX Font Info:    Trying to load font information for OMS+rsfs on input line 
159.
(/usr/share/texlive/texmf-dist/tex/latex/calrsfs/OMSrsfs.fd)
LaTeX Font Info:    Trying to load font information for U+lasy on input line 15
9.
(/usr/share/texlive/texmf-dist/tex/latex/base/ulasy.fd
File: ulasy.fd 1998/08/17 v2.2e LaTeX symbol font definitions
)
LaTeX Font Info:    Trying to load font information for OT1+zplm on input line 
159.
(/usr/share/texlive/texmf-dist/tex/latex/psnfss/ot1zplm.fd
File: ot1zplm.fd 2002/09/08 Fontinst v1.914 font definitions for OT1/zplm.
)
<images/bohr.jpg, id=484, 963.6pt x 1355.0625pt>
File: images/bohr.jpg Graphic file (type jpg)
<use images/bohr.jpg>
Package pdftex.def Info: images/bohr.jpg  used on input line 159.
(pdftex.def)             Requested size: 138.2795pt x 194.44238pt.

Overfull \vbox (19.53566pt too high) detected at line 159
 []



File: shields/shield-bg.pdf Graphic file (type pdf)
<use shields/shield-bg.pdf>
Package pdftex.def Info: shields/shield-bg.pdf  used on input line 159.
(pdftex.def)             Requested size: 140.83984pt x 217.66156pt.

Overfull \vbox (1.04134pt too high) has occurred while \output is active []


Overfull \hbox (5.99998pt too wide) has occurred while \output is active
[][][][] 
 []

[10

 <./images/bohr.jpg>]
Overfull \hbox (5.99998pt too wide) in paragraph at lines 168--168
[][][][]  
 []


Overfull \vbox (1.04134pt too high) detected at line 168
 []

<images/paper_bohr.JPG, id=529, 877.77937pt x 490.08093pt>
File: images/paper_bohr.JPG Graphic file (type jpg)
<use images/paper_bohr.JPG>
Package pdftex.def Info: images/paper_bohr.JPG  used on input line 168.
(pdftex.def)             Requested size: 307.28987pt x 171.56828pt.


File: shields/shield-bg.pdf Graphic file (type pdf)
<use shields/shield-bg.pdf>
Package pdftex.def Info: shields/shield-bg.pdf  used on input line 168.
(pdftex.def)             Requested size: 140.83984pt x 217.66156pt.

Overfull \vbox (1.04134pt too high) has occurred while \output is active []


Overfull \hbox (5.99998pt too wide) has occurred while \output is active
[][][][] 
 []

[11

 <./images/paper_bohr.JPG>]
Overfull \hbox (5.99998pt too wide) in paragraph at lines 176--176
[][][][]  
 []


Overfull \vbox (1.04134pt too high) detected at line 176
 []

<images/einsteinnojado.png, id=573, 576.65437pt x 380.92313pt>
File: images/einsteinnojado.png Graphic file (type png)
<use images/einsteinnojado.png>
Package pdftex.def Info: images/einsteinnojado.png  used on input line 176.
(pdftex.def)             Requested size: 307.28987pt x 202.99265pt.

Overfull \vbox (26.08592pt too high) detected at line 176
 []



File: shields/shield-bg.pdf Graphic file (type pdf)
<use shields/shield-bg.pdf>
Package pdftex.def Info: shields/shield-bg.pdf  used on input line 176.
(pdftex.def)             Requested size: 140.83984pt x 217.66156pt.

Overfull \vbox (1.04134pt too high) has occurred while \output is active []


Overfull \hbox (5.99998pt too wide) has occurred while \output is active
[][][][] 
 []

[12

 <./images/einsteinnojado.png>]
Overfull \hbox (5.99998pt too wide) in paragraph at lines 187--187
[][][][]  
 []


Overfull \vbox (1.04134pt too high) detected at line 187
 []



File: shields/shield-bg.pdf Graphic file (type pdf)
<use shields/shield-bg.pdf>
Package pdftex.def Info: shields/shield-bg.pdf  used on input line 187.
(pdftex.def)             Requested size: 140.83984pt x 217.66156pt.

Overfull \vbox (1.04134pt too high) has occurred while \output is active []


Overfull \hbox (5.99998pt too wide) has occurred while \output is active
[][][][] 
 []

[13

]
Overfull \hbox (5.99998pt too wide) in paragraph at lines 197--197
[][][][]  
 []


Overfull \vbox (1.04134pt too high) detected at line 197
 []

<images/alicebob.png, id=662, 1541.76pt x 1027.84pt>
File: images/alicebob.png Graphic file (type png)
<use images/alicebob.png>
Package pdftex.def Info: images/alicebob.png  used on input line 197.
(pdftex.def)             Requested size: 307.28987pt x 204.8586pt.

Overfull \vbox (27.95187pt too high) detected at line 197
 []



File: shields/shield-bg.pdf Graphic file (type pdf)
<use shields/shield-bg.pdf>
Package pdftex.def Info: shields/shield-bg.pdf  used on input line 197.
(pdftex.def)             Requested size: 140.83984pt x 217.66156pt.

Overfull \vbox (1.04134pt too high) has occurred while \output is active []


Overfull \hbox (5.99998pt too wide) has occurred while \output is active
[][][][] 
 []

[14

 <./images/alicebob.png (PNG copy)>]
Overfull \hbox (5.99998pt too wide) in paragraph at lines 217--217
[][][][]  
 []


Overfull \vbox (1.04134pt too high) detected at line 217
 []



File: shields/shield-bg.pdf Graphic file (type pdf)
<use shields/shield-bg.pdf>
Package pdftex.def Info: shields/shield-bg.pdf  used on input line 217.
(pdftex.def)             Requested size: 140.83984pt x 217.66156pt.

Overfull \vbox (1.04134pt too high) has occurred while \output is active []


Overfull \hbox (5.99998pt too wide) has occurred while \output is active
[][][][] 
 []

[15

]
Overfull \hbox (5.99998pt too wide) in paragraph at lines 246--246
[][][][]  
 []


Overfull \vbox (1.04134pt too high) detected at line 246
 []

<images/einstein.jpg, id=754, 545.6385pt x 675.36314pt>
File: images/einstein.jpg Graphic file (type jpg)
<use images/einstein.jpg>
Package pdftex.def Info: images/einstein.jpg  used on input line 246.
(pdftex.def)             Requested size: 138.2795pt x 171.14873pt.


File: shields/shield-bg.pdf Graphic file (type pdf)
<use shields/shield-bg.pdf>
Package pdftex.def Info: shields/shield-bg.pdf  used on input line 246.
(pdftex.def)             Requested size: 140.83984pt x 217.66156pt.

Overfull \vbox (1.04134pt too high) has occurred while \output is active []


Overfull \hbox (5.99998pt too wide) has occurred while \output is active
[][][][] 
 []

[16

 <./images/einstein.jpg>]
Overfull \hbox (5.99998pt too wide) in paragraph at lines 276--276
[][][][]  
 []


Overfull \vbox (1.04134pt too high) detected at line 276
 []

<images/podolsky.jpg, id=798, 301.8778pt x 367.3725pt>
File: images/podolsky.jpg Graphic file (type jpg)
<use images/podolsky.jpg>
Package pdftex.def Info: images/podolsky.jpg  used on input line 276.
(pdftex.def)             Requested size: 138.2795pt x 168.27586pt.


File: shields/shield-bg.pdf Graphic file (type pdf)
<use shields/shield-bg.pdf>
Package pdftex.def Info: shields/shield-bg.pdf  used on input line 276.
(pdftex.def)             Requested size: 140.83984pt x 217.66156pt.

Overfull \vbox (1.04134pt too high) has occurred while \output is active []


Overfull \hbox (5.99998pt too wide) has occurred while \output is active
[][][][] 
 []

[17

 <./images/podolsky.jpg>]
Overfull \hbox (5.99998pt too wide) in paragraph at lines 304--304
[][][][]  
 []


Overfull \vbox (1.04134pt too high) detected at line 304
 []

<images/rosen.jpg, id=842, 243.91125pt x 312.16624pt>
File: images/rosen.jpg Graphic file (type jpg)
<use images/rosen.jpg>
Package pdftex.def Info: images/rosen.jpg  used on input line 304.
(pdftex.def)             Requested size: 138.2795pt x 176.97443pt.

Overfull \vbox (2.0677pt too high) detected at line 304
 []



File: shields/shield-bg.pdf Graphic file (type pdf)
<use shields/shield-bg.pdf>
Package pdftex.def Info: shields/shield-bg.pdf  used on input line 304.
(pdftex.def)             Requested size: 140.83984pt x 217.66156pt.

Overfull \vbox (1.04134pt too high) has occurred while \output is active []


Overfull \hbox (5.99998pt too wide) has occurred while \output is active
[][][][] 
 []

[18

 <./images/rosen.jpg>]
Overfull \hbox (5.99998pt too wide) in paragraph at lines 327--327
[][][][]  
 []


Overfull \vbox (1.04134pt too high) detected at line 327
 []



File: shields/shield-bg.pdf Graphic file (type pdf)
<use shields/shield-bg.pdf>
Package pdftex.def Info: shields/shield-bg.pdf  used on input line 327.
(pdftex.def)             Requested size: 140.83984pt x 217.66156pt.

Overfull \vbox (1.04134pt too high) has occurred while \output is active []


Overfull \hbox (5.99998pt too wide) has occurred while \output is active
[][][][] 
 []

[19

]
Overfull \hbox (5.99998pt too wide) in paragraph at lines 341--341
[][][][]  
 []


Overfull \vbox (1.04134pt too high) detected at line 341
 []



File: shields/shield-bg.pdf Graphic file (type pdf)
<use shields/shield-bg.pdf>
Package pdftex.def Info: shields/shield-bg.pdf  used on input line 341.
(pdftex.def)             Requested size: 140.83984pt x 217.66156pt.

Overfull \vbox (1.04134pt too high) has occurred while \output is active []


Overfull \hbox (5.99998pt too wide) has occurred while \output is active
[][][][] 
 []

[20

]
Overfull \hbox (5.99998pt too wide) in paragraph at lines 359--359
[][][][]  
 []


Overfull \vbox (1.04134pt too high) detected at line 359
 []



File: shields/shield-bg.pdf Graphic file (type pdf)
<use shields/shield-bg.pdf>
Package pdftex.def Info: shields/shield-bg.pdf  used on input line 359.
(pdftex.def)             Requested size: 140.83984pt x 217.66156pt.

Overfull \vbox (1.04134pt too high) has occurred while \output is active []


Overfull \hbox (5.99998pt too wide) has occurred while \output is active
[][][][] 
 []

[21

]
Overfull \hbox (5.99998pt too wide) in paragraph at lines 372--372
[][][][]  
 []


Overfull \vbox (1.04134pt too high) detected at line 372
 []



File: shields/shield-bg.pdf Graphic file (type pdf)
<use shields/shield-bg.pdf>
Package pdftex.def Info: shields/shield-bg.pdf  used on input line 372.
(pdftex.def)             Requested size: 140.83984pt x 217.66156pt.

Overfull \vbox (1.04134pt too high) has occurred while \output is active []


Overfull \hbox (5.99998pt too wide) has occurred while \output is active
[][][][] 
 []

[22

]
Overfull \hbox (5.99998pt too wide) in paragraph at lines 389--389
[][][][]  
 []


Overfull \vbox (1.04134pt too high) detected at line 389
 []



File: shields/shield-bg.pdf Graphic file (type pdf)
<use shields/shield-bg.pdf>
Package pdftex.def Info: shields/shield-bg.pdf  used on input line 389.
(pdftex.def)             Requested size: 140.83984pt x 217.66156pt.

Overfull \vbox (1.04134pt too high) has occurred while \output is active []


Overfull \hbox (5.99998pt too wide) has occurred while \output is active
[][][][] 
 []

[23

]
Overfull \hbox (5.99998pt too wide) in paragraph at lines 405--405
[][][][]  
 []


Overfull \vbox (1.04134pt too high) detected at line 405
 []



File: shields/shield-bg.pdf Graphic file (type pdf)
<use shields/shield-bg.pdf>
Package pdftex.def Info: shields/shield-bg.pdf  used on input line 405.
(pdftex.def)             Requested size: 140.83984pt x 217.66156pt.

Overfull \vbox (1.04134pt too high) has occurred while \output is active []


Overfull \hbox (5.99998pt too wide) has occurred while \output is active
[][][][] 
 []

[24

]
Overfull \hbox (5.99998pt too wide) in paragraph at lines 429--429
[][][][]  
 []


Overfull \vbox (1.04134pt too high) detected at line 429
 []



File: shields/shield-bg.pdf Graphic file (type pdf)
<use shields/shield-bg.pdf>
Package pdftex.def Info: shields/shield-bg.pdf  used on input line 429.
(pdftex.def)             Requested size: 140.83984pt x 217.66156pt.

Overfull \vbox (1.04134pt too high) has occurred while \output is active []


Overfull \hbox (5.99998pt too wide) has occurred while \output is active
[][][][] 
 []

[25

]
Overfull \hbox (5.99998pt too wide) in paragraph at lines 442--442
[][][][]  
 []


Overfull \vbox (1.04134pt too high) detected at line 442
 []

LaTeX Info: Symbol \textrightarrow not provided by
            font family ptm in TS1 encoding.
            Default family used instead on input line 442.


File: shields/shield-bg.pdf Graphic file (type pdf)
<use shields/shield-bg.pdf>
Package pdftex.def Info: shields/shield-bg.pdf  used on input line 442.
(pdftex.def)             Requested size: 140.83984pt x 217.66156pt.

Overfull \vbox (1.04134pt too high) has occurred while \output is active []


Overfull \hbox (5.99998pt too wide) has occurred while \output is active
[][][][] 
 []

[26

]
Overfull \hbox (5.99998pt too wide) in paragraph at lines 470--470
[][][][]  
 []


Overfull \vbox (1.04134pt too high) detected at line 470
 []

LaTeX Info: Symbol \textrightarrow not provided by
            font family ptm in TS1 encoding.
            Default family used instead on input line 470.
LaTeX Info: Symbol \textrightarrow not provided by
            font family ptm in TS1 encoding.
            Default family used instead on input line 470.


File: shields/shield-bg.pdf Graphic file (type pdf)
<use shields/shield-bg.pdf>
Package pdftex.def Info: shields/shield-bg.pdf  used on input line 470.
(pdftex.def)             Requested size: 140.83984pt x 217.66156pt.

Overfull \vbox (1.04134pt too high) has occurred while \output is active []


Overfull \hbox (5.99998pt too wide) has occurred while \output is active
[][][][] 
 []

[27

]
Overfull \hbox (5.99998pt too wide) in paragraph at lines 480--480
[][][][]  
 []


Overfull \vbox (1.04134pt too high) detected at line 480
 []

<images/gato.png, id=1280, 1927.2pt x 1024.82875pt>
File: images/gato.png Graphic file (type png)
<use images/gato.png>
Package pdftex.def Info: images/gato.png  used on input line 480.
(pdftex.def)             Requested size: 307.28987pt x 163.39735pt.


File: shields/shield-bg.pdf Graphic file (type pdf)
<use shields/shield-bg.pdf>
Package pdftex.def Info: shields/shield-bg.pdf  used on input line 480.
(pdftex.def)             Requested size: 140.83984pt x 217.66156pt.

Overfull \vbox (1.04134pt too high) has occurred while \output is active []


Overfull \hbox (5.99998pt too wide) has occurred while \output is active
[][][][] 
 []

[28

 <./images/gato.png>]
Overfull \hbox (5.99998pt too wide) in paragraph at lines 494--494
[][][][]  
 []


Overfull \vbox (1.04134pt too high) detected at line 494
 []



File: shields/shield-bg.pdf Graphic file (type pdf)
<use shields/shield-bg.pdf>
Package pdftex.def Info: shields/shield-bg.pdf  used on input line 494.
(pdftex.def)             Requested size: 140.83984pt x 217.66156pt.

Overfull \vbox (1.04134pt too high) has occurred while \output is active []


Overfull \hbox (5.99998pt too wide) has occurred while \output is active
[][][][] 
 []

[29

]
Overfull \hbox (5.99998pt too wide) in paragraph at lines 510--510
[][][][]  
 []


Overfull \vbox (1.04134pt too high) detected at line 510
 []



File: shields/shield-bg.pdf Graphic file (type pdf)
<use shields/shield-bg.pdf>
Package pdftex.def Info: shields/shield-bg.pdf  used on input line 510.
(pdftex.def)             Requested size: 140.83984pt x 217.66156pt.

Overfull \vbox (1.04134pt too high) has occurred while \output is active []


Overfull \hbox (5.99998pt too wide) has occurred while \output is active
[][][][] 
 []

[30

]
Overfull \hbox (5.99998pt too wide) in paragraph at lines 533--533
[][][][]  
 []


Overfull \vbox (1.04134pt too high) detected at line 533
 []



File: shields/shield-bg.pdf Graphic file (type pdf)
<use shields/shield-bg.pdf>
Package pdftex.def Info: shields/shield-bg.pdf  used on input line 533.
(pdftex.def)             Requested size: 140.83984pt x 217.66156pt.

Overfull \vbox (1.04134pt too high) has occurred while \output is active []


Overfull \hbox (5.99998pt too wide) has occurred while \output is active
[][][][] 
 []

[31

]
Overfull \hbox (5.99998pt too wide) in paragraph at lines 550--550
[][][][]  
 []


Overfull \vbox (1.04134pt too high) detected at line 550
 []



File: shields/shield-bg.pdf Graphic file (type pdf)
<use shields/shield-bg.pdf>
Package pdftex.def Info: shields/shield-bg.pdf  used on input line 550.
(pdftex.def)             Requested size: 140.83984pt x 217.66156pt.

Overfull \vbox (1.04134pt too high) has occurred while \output is active []


Overfull \hbox (5.99998pt too wide) has occurred while \output is active
[][][][] 
 []

[32

]
Overfull \hbox (5.99998pt too wide) in paragraph at lines 576--576
[][][][]  
 []


Overfull \vbox (1.04134pt too high) detected at line 576
 []



File: shields/shield-bg.pdf Graphic file (type pdf)
<use shields/shield-bg.pdf>
Package pdftex.def Info: shields/shield-bg.pdf  used on input line 576.
(pdftex.def)             Requested size: 140.83984pt x 217.66156pt.

Overfull \vbox (1.04134pt too high) has occurred while \output is active []


Overfull \hbox (5.99998pt too wide) has occurred while \output is active
[][][][] 
 []

[33

]
Overfull \hbox (5.99998pt too wide) in paragraph at lines 600--600
[][][][]  
 []


Overfull \vbox (1.04134pt too high) detected at line 600
 []



File: shields/shield-bg.pdf Graphic file (type pdf)
<use shields/shield-bg.pdf>
Package pdftex.def Info: shields/shield-bg.pdf  used on input line 600.
(pdftex.def)             Requested size: 140.83984pt x 217.66156pt.

Overfull \vbox (1.04134pt too high) has occurred while \output is active []


Overfull \hbox (5.99998pt too wide) has occurred while \output is active
[][][][] 
 []

[34

]
Overfull \hbox (5.99998pt too wide) in paragraph at lines 613--613
[][][][]  
 []


Overfull \vbox (1.04134pt too high) detected at line 613
 []



File: shields/shield-bg.pdf Graphic file (type pdf)
<use shields/shield-bg.pdf>
Package pdftex.def Info: shields/shield-bg.pdf  used on input line 613.
(pdftex.def)             Requested size: 140.83984pt x 217.66156pt.

Overfull \vbox (1.04134pt too high) has occurred while \output is active []


Overfull \hbox (5.99998pt too wide) has occurred while \output is active
[][][][] 
 []

[35

]
Overfull \hbox (5.99998pt too wide) in paragraph at lines 621--621
[][][][]  
 []


Overfull \vbox (1.04134pt too high) detected at line 621
 []

<images/teoremadefine.jpg, id=1629, 1413.28pt x 770.88pt>
File: images/teoremadefine.jpg Graphic file (type jpg)
<use images/teoremadefine.jpg>
Package pdftex.def Info: images/teoremadefine.jpg  used on input line 621.
(pdftex.def)             Requested size: 307.28987pt x 167.60623pt.


File: shields/shield-bg.pdf Graphic file (type pdf)
<use shields/shield-bg.pdf>
Package pdftex.def Info: shields/shield-bg.pdf  used on input line 621.
(pdftex.def)             Requested size: 140.83984pt x 217.66156pt.

Overfull \vbox (1.04134pt too high) has occurred while \output is active []


Overfull \hbox (5.99998pt too wide) has occurred while \output is active
[][][][] 
 []

[36

 <./images/teoremadefine.jpg>]
Overfull \hbox (5.99998pt too wide) in paragraph at lines 636--636
[][][][]  
 []


Overfull \vbox (1.04134pt too high) detected at line 636
 []



File: shields/shield-bg.pdf Graphic file (type pdf)
<use shields/shield-bg.pdf>
Package pdftex.def Info: shields/shield-bg.pdf  used on input line 636.
(pdftex.def)             Requested size: 140.83984pt x 217.66156pt.

Overfull \vbox (1.04134pt too high) has occurred while \output is active []


Overfull \hbox (5.99998pt too wide) has occurred while \output is active
[][][][] 
 []

[37

]
Overfull \hbox (5.99998pt too wide) in paragraph at lines 648--648
[][][][]  
 []


Overfull \vbox (1.04134pt too high) detected at line 648
 []



File: shields/shield-bg.pdf Graphic file (type pdf)
<use shields/shield-bg.pdf>
Package pdftex.def Info: shields/shield-bg.pdf  used on input line 648.
(pdftex.def)             Requested size: 140.83984pt x 217.66156pt.

Overfull \vbox (1.04134pt too high) has occurred while \output is active []


Overfull \hbox (5.99998pt too wide) has occurred while \output is active
[][][][] 
 []

[38

]
Overfull \hbox (5.99998pt too wide) in paragraph at lines 664--664
[][][][]  
 []


Overfull \vbox (1.04134pt too high) detected at line 664
 []



File: shields/shield-bg.pdf Graphic file (type pdf)
<use shields/shield-bg.pdf>
Package pdftex.def Info: shields/shield-bg.pdf  used on input line 664.
(pdftex.def)             Requested size: 140.83984pt x 217.66156pt.

Overfull \vbox (1.04134pt too high) has occurred while \output is active []


Overfull \hbox (5.99998pt too wide) has occurred while \output is active
[][][][] 
 []

[39

]
Overfull \hbox (5.99998pt too wide) in paragraph at lines 671--671
[][][][]  
 []


Overfull \vbox (1.04134pt too high) detected at line 671
 []

<images/expermento-eistein.jpg, id=1806, 738.76pt x 491.8375pt>
File: images/expermento-eistein.jpg Graphic file (type jpg)
<use images/expermento-eistein.jpg>
Package pdftex.def Info: images/expermento-eistein.jpg  used on input line 671.

(pdftex.def)             Requested size: 307.28987pt x 204.58156pt.

Overfull \vbox (27.67484pt too high) detected at line 671
 []



File: shields/shield-bg.pdf Graphic file (type pdf)
<use shields/shield-bg.pdf>
Package pdftex.def Info: shields/shield-bg.pdf  used on input line 671.
(pdftex.def)             Requested size: 140.83984pt x 217.66156pt.

Overfull \vbox (1.04134pt too high) has occurred while \output is active []


Overfull \hbox (5.99998pt too wide) has occurred while \output is active
[][][][] 
 []

[40

 <./images/expermento-eistein.jpg>]
Overfull \hbox (5.99998pt too wide) in paragraph at lines 691--691
[][][][]  
 []


Overfull \vbox (1.04134pt too high) detected at line 691
 []



File: shields/shield-bg.pdf Graphic file (type pdf)
<use shields/shield-bg.pdf>
Package pdftex.def Info: shields/shield-bg.pdf  used on input line 691.
(pdftex.def)             Requested size: 140.83984pt x 217.66156pt.

Overfull \vbox (1.04134pt too high) has occurred while \output is active []


Overfull \hbox (5.99998pt too wide) has occurred while \output is active
[][][][] 
 []

[41

]
! Too many }'s.
\endframe ->\egroup 
                    \begingroup \def \@currenvir {frame}
l.693 \end{frame}
                 
You've closed more groups than you opened.
Such booboos are generally harmless, so keep going.


Overfull \hbox (5.99998pt too wide) in paragraph at lines 701--701
[][][][]  
 []


Overfull \vbox (1.04134pt too high) detected at line 701
 []

<images/bombardeo.jpg, id=1894, 1413.28pt x 770.88pt>
File: images/bombardeo.jpg Graphic file (type jpg)
<use images/bombardeo.jpg>
Package pdftex.def Info: images/bombardeo.jpg  used on input line 701.
(pdftex.def)             Requested size: 307.28987pt x 167.60623pt.


File: shields/shield-bg.pdf Graphic file (type pdf)
<use shields/shield-bg.pdf>
Package pdftex.def Info: shields/shield-bg.pdf  used on input line 701.
(pdftex.def)             Requested size: 140.83984pt x 217.66156pt.

Overfull \vbox (1.04134pt too high) has occurred while \output is active []


Overfull \hbox (5.99998pt too wide) has occurred while \output is active
[][][][] 
 []

[42

 <./images/bombardeo.jpg>]
Overfull \hbox (5.99998pt too wide) in paragraph at lines 728--728
[][][][]  
 []


Overfull \vbox (1.04134pt too high) detected at line 728
 []



File: shields/shield-bg.pdf Graphic file (type pdf)
<use shields/shield-bg.pdf>
Package pdftex.def Info: shields/shield-bg.pdf  used on input line 728.
(pdftex.def)             Requested size: 140.83984pt x 217.66156pt.

Overfull \vbox (1.04134pt too high) has occurred while \output is active []


Overfull \hbox (5.99998pt too wide) has occurred while \output is active
[][][][] 
 []

[43

]
Overfull \hbox (5.99998pt too wide) in paragraph at lines 749--749
[][][][]  
 []


Overfull \vbox (1.04134pt too high) detected at line 749
 []

LaTeX Font Info:    Font shape `U/msa/m/n' will be
(Font)              scaled to size 10.42007pt on input line 749.
LaTeX Font Info:    Font shape `U/msa/m/n' will be
(Font)              scaled to size 7.91925pt on input line 749.
LaTeX Font Info:    Font shape `U/msb/m/n' will be
(Font)              scaled to size 10.42007pt on input line 749.
LaTeX Font Info:    Font shape `U/msb/m/n' will be
(Font)              scaled to size 7.91925pt on input line 749.


File: shields/shield-bg.pdf Graphic file (type pdf)
<use shields/shield-bg.pdf>
Package pdftex.def Info: shields/shield-bg.pdf  used on input line 749.
(pdftex.def)             Requested size: 140.83984pt x 217.66156pt.

Overfull \vbox (1.04134pt too high) has occurred while \output is active []


Overfull \hbox (5.99998pt too wide) has occurred while \output is active
[][][][] 
 []

[44

]
Overfull \hbox (5.99998pt too wide) in paragraph at lines 768--768
[][][][]  
 []


Overfull \vbox (1.04134pt too high) detected at line 768
 []



File: shields/shield-bg.pdf Graphic file (type pdf)
<use shields/shield-bg.pdf>
Package pdftex.def Info: shields/shield-bg.pdf  used on input line 768.
(pdftex.def)             Requested size: 140.83984pt x 217.66156pt.

Overfull \vbox (1.04134pt too high) has occurred while \output is active []


Overfull \hbox (5.99998pt too wide) has occurred while \output is active
[][][][] 
 []

[45

]
Overfull \hbox (5.99998pt too wide) in paragraph at lines 790--790
[][][][]  
 []


Overfull \vbox (1.04134pt too high) detected at line 790
 []



File: shields/shield-bg.pdf Graphic file (type pdf)
<use shields/shield-bg.pdf>
Package pdftex.def Info: shields/shield-bg.pdf  used on input line 790.
(pdftex.def)             Requested size: 140.83984pt x 217.66156pt.

Overfull \vbox (1.04134pt too high) has occurred while \output is active []


Overfull \hbox (5.99998pt too wide) has occurred while \output is active
[][][][] 
 []

[46

]
Overfull \hbox (5.99998pt too wide) in paragraph at lines 801--801
[][][][]  
 []


Overfull \vbox (1.04134pt too high) detected at line 801
 []

<images/nobel2022.JPG, id=2112, 1063.72406pt x 666.23906pt>
File: images/nobel2022.JPG Graphic file (type jpg)
<use images/nobel2022.JPG>
Package pdftex.def Info: images/nobel2022.JPG  used on input line 801.
(pdftex.def)             Requested size: 245.83282pt x 153.9637pt.


File: shields/shield-bg.pdf Graphic file (type pdf)
<use shields/shield-bg.pdf>
Package pdftex.def Info: shields/shield-bg.pdf  used on input line 801.
(pdftex.def)             Requested size: 140.83984pt x 217.66156pt.

Overfull \vbox (1.04134pt too high) has occurred while \output is active []


Overfull \hbox (5.99998pt too wide) has occurred while \output is active
[][][][] 
 []

[47

 <./images/nobel2022.JPG>]
Overfull \hbox (5.99998pt too wide) in paragraph at lines 822--822
[][][][]  
 []


Overfull \vbox (1.04134pt too high) detected at line 822
 []



File: shields/shield-bg.pdf Graphic file (type pdf)
<use shields/shield-bg.pdf>
Package pdftex.def Info: shields/shield-bg.pdf  used on input line 822.
(pdftex.def)             Requested size: 140.83984pt x 217.66156pt.

Overfull \vbox (1.04134pt too high) has occurred while \output is active []


Overfull \hbox (5.99998pt too wide) has occurred while \output is active
[][][][] 
 []

[48

]
Overfull \hbox (5.99998pt too wide) in paragraph at lines 830--830
[][][][]  
 []


Overfull \vbox (1.04134pt too high) detected at line 830
 []

<images/esferablochj.png, id=2200, 2826.56pt x 1541.76pt>
File: images/esferablochj.png Graphic file (type png)
<use images/esferablochj.png>
Package pdftex.def Info: images/esferablochj.png  used on input line 830.
(pdftex.def)             Requested size: 307.28987pt x 167.59447pt.


File: shields/shield-bg.pdf Graphic file (type pdf)
<use shields/shield-bg.pdf>
Package pdftex.def Info: shields/shield-bg.pdf  used on input line 830.
(pdftex.def)             Requested size: 140.83984pt x 217.66156pt.

Overfull \vbox (1.04134pt too high) has occurred while \output is active []


Overfull \hbox (5.99998pt too wide) has occurred while \output is active
[][][][] 
 []

[49

 <./images/esferablochj.png>]
Overfull \hbox (5.99998pt too wide) in paragraph at lines 846--846
[][][][]  
 []


Overfull \vbox (1.04134pt too high) detected at line 846
 []



File: shields/shield-bg.pdf Graphic file (type pdf)
<use shields/shield-bg.pdf>
Package pdftex.def Info: shields/shield-bg.pdf  used on input line 846.
(pdftex.def)             Requested size: 140.83984pt x 217.66156pt.

Overfull \vbox (1.04134pt too high) has occurred while \output is active []


Overfull \hbox (5.99998pt too wide) has occurred while \output is active
[][][][] 
 []

[50

]
Overfull \hbox (5.99998pt too wide) in paragraph at lines 867--867
[][][][]  
 []


Overfull \vbox (1.04134pt too high) detected at line 867
 []



File: shields/shield-bg.pdf Graphic file (type pdf)
<use shields/shield-bg.pdf>
Package pdftex.def Info: shields/shield-bg.pdf  used on input line 867.
(pdftex.def)             Requested size: 140.83984pt x 217.66156pt.

Overfull \vbox (1.04134pt too high) has occurred while \output is active []


Overfull \hbox (5.99998pt too wide) has occurred while \output is active
[][][][] 
 []

[51

]
Overfull \hbox (5.99998pt too wide) in paragraph at lines 879--879
[][][][]  
 []


Overfull \vbox (1.04134pt too high) detected at line 879
 []



File: shields/shield-bg.pdf Graphic file (type pdf)
<use shields/shield-bg.pdf>
Package pdftex.def Info: shields/shield-bg.pdf  used on input line 879.
(pdftex.def)             Requested size: 140.83984pt x 217.66156pt.

Overfull \vbox (1.04134pt too high) has occurred while \output is active []


Overfull \hbox (5.99998pt too wide) has occurred while \output is active
[][][][] 
 []

[52

]
Overfull \hbox (5.99998pt too wide) in paragraph at lines 892--892
[][][][]  
 []


Overfull \vbox (1.04134pt too high) detected at line 892
 []

<images/muertesubita.jpg, id=2376, 1413.28pt x 770.88pt>
File: images/muertesubita.jpg Graphic file (type jpg)
<use images/muertesubita.jpg>
Package pdftex.def Info: images/muertesubita.jpg  used on input line 892.
(pdftex.def)             Requested size: 307.28987pt x 167.60623pt.


File: shields/shield-bg.pdf Graphic file (type pdf)
<use shields/shield-bg.pdf>
Package pdftex.def Info: shields/shield-bg.pdf  used on input line 892.
(pdftex.def)             Requested size: 140.83984pt x 217.66156pt.

Overfull \vbox (1.04134pt too high) has occurred while \output is active []


Overfull \hbox (5.99998pt too wide) has occurred while \output is active
[][][][] 
 []

[53

 <./images/muertesubita.jpg>]
Overfull \hbox (5.99998pt too wide) in paragraph at lines 916--916
[][][][]  
 []


Overfull \vbox (1.04134pt too high) detected at line 916
 []



File: shields/shield-bg.pdf Graphic file (type pdf)
<use shields/shield-bg.pdf>
Package pdftex.def Info: shields/shield-bg.pdf  used on input line 916.
(pdftex.def)             Requested size: 140.83984pt x 217.66156pt.

Overfull \vbox (1.04134pt too high) has occurred while \output is active []


Overfull \hbox (5.99998pt too wide) has occurred while \output is active
[][][][] 
 []

[54

]
Overfull \hbox (5.99998pt too wide) in paragraph at lines 922--922
[][][][]  
 []


Overfull \vbox (1.04134pt too high) detected at line 922
 []

<images/relaciontoxica.jpg, id=2464, 1296.845pt x 835.12pt>
File: images/relaciontoxica.jpg Graphic file (type jpg)
<use images/relaciontoxica.jpg>
Package pdftex.def Info: images/relaciontoxica.jpg  used on input line 922.
(pdftex.def)             Requested size: 276.559pt x 178.0946pt.

Overfull \vbox (1.18788pt too high) detected at line 922
 []



File: shields/shield-bg.pdf Graphic file (type pdf)
<use shields/shield-bg.pdf>
Package pdftex.def Info: shields/shield-bg.pdf  used on input line 922.
(pdftex.def)             Requested size: 140.83984pt x 217.66156pt.

Overfull \vbox (1.04134pt too high) has occurred while \output is active []


Overfull \hbox (5.99998pt too wide) has occurred while \output is active
[][][][] 
 []

[55

 <./images/relaciontoxica.jpg>]
Overfull \hbox (5.99998pt too wide) in paragraph at lines 938--938
[][][][]  
 []


Overfull \vbox (1.04134pt too high) detected at line 938
 []



File: shields/shield-bg.pdf Graphic file (type pdf)
<use shields/shield-bg.pdf>
Package pdftex.def Info: shields/shield-bg.pdf  used on input line 938.
(pdftex.def)             Requested size: 140.83984pt x 217.66156pt.

Overfull \vbox (1.04134pt too high) has occurred while \output is active []


Overfull \hbox (5.99998pt too wide) has occurred while \output is active
[][][][] 
 []

[56

]
Overfull \hbox (5.99998pt too wide) in paragraph at lines 955--955
[][][][]  
 []


Overfull \vbox (1.04134pt too high) detected at line 955
 []


Underfull \hbox (badness 10000) in paragraph at lines 955--955
[]|\OT1/ptm/m/n/10 Mejora del Ren-di-
 []


Underfull \hbox (badness 10000) in paragraph at lines 955--955
[]|\OT1/ptm/m/n/10 Redes neu-ro-na-les
 []


Underfull \hbox (badness 1342) in paragraph at lines 955--955
[]|\OT1/ptm/m/n/10 Modelos de apren-di-
 []


Underfull \hbox (badness 10000) in paragraph at lines 955--955
[]|\OT1/ptm/m/n/10 Reconocimiento de
 []


Underfull \hbox (badness 2005) in paragraph at lines 955--955
[]|\OT1/ptm/m/n/10 Clasificacion me-jo-ra-
 []


Underfull \hbox (badness 2073) in paragraph at lines 955--955
\OT1/ptm/m/n/10 da me-dian-te nu-cleos
 []


Underfull \hbox (badness 1320) in paragraph at lines 955--955
[]|\OT1/ptm/m/n/10 Aceleracion cua-dra-ti-
 []


Underfull \hbox (badness 6592) in paragraph at lines 955--955
[]|\OT1/ptm/m/n/10 An[]ali-sis de com-po-
 []


Underfull \hbox (badness 10000) in paragraph at lines 955--955
\OT1/ptm/m/n/10 nen-tes prin-ci-pa-les
 []


Underfull \hbox (badness 5771) in paragraph at lines 955--955
[]|\OT1/ptm/m/n/10 Aprendizaje por re-
 []


Underfull \hbox (badness 10000) in paragraph at lines 955--955
[]|\OT1/ptm/m/n/10 Mejor op-ti-mi-za-cion
 []


Overfull \vbox (9.89323pt too high) detected at line 955
 []



File: shields/shield-bg.pdf Graphic file (type pdf)
<use shields/shield-bg.pdf>
Package pdftex.def Info: shields/shield-bg.pdf  used on input line 955.
(pdftex.def)             Requested size: 140.83984pt x 217.66156pt.

Overfull \vbox (1.04134pt too high) has occurred while \output is active []


Overfull \hbox (5.99998pt too wide) has occurred while \output is active
[][][][] 
 []

[57

]
Overfull \hbox (5.99998pt too wide) in paragraph at lines 971--971
[][][][]  
 []


Overfull \vbox (1.04134pt too high) detected at line 971
 []



File: shields/shield-bg.pdf Graphic file (type pdf)
<use shields/shield-bg.pdf>
Package pdftex.def Info: shields/shield-bg.pdf  used on input line 971.
(pdftex.def)             Requested size: 140.83984pt x 217.66156pt.

Overfull \vbox (1.04134pt too high) has occurred while \output is active []


Overfull \hbox (5.99998pt too wide) has occurred while \output is active
[][][][] 
 []

[58

]
Overfull \hbox (5.99998pt too wide) in paragraph at lines 986--986
[][][][]  
 []


Overfull \vbox (1.04134pt too high) detected at line 986
 []


Underfull \hbox (badness 2119) in paragraph at lines 986--986
[]|\OT1/ptm/m/n/10 Distribucion de cla-ves cuan-ti-cas
 []


Underfull \hbox (badness 10000) in paragraph at lines 986--986
\OT1/ptm/m/n/10 da-tos me-dian-te en-tre-la-za-mien-to
 []


Underfull \hbox (badness 10000) in paragraph at lines 986--986
[]|\OT1/ptm/m/n/10 Arquitectura hi-bri-da cuantico-
 []


Underfull \hbox (badness 1424) in paragraph at lines 986--986
\OT1/ptm/m/n/10 sis-ten-te pa-ra sis-te-mas se-gu-ros y
 []



File: shields/shield-bg.pdf Graphic file (type pdf)
<use shields/shield-bg.pdf>
Package pdftex.def Info: shields/shield-bg.pdf  used on input line 986.
(pdftex.def)             Requested size: 140.83984pt x 217.66156pt.

Overfull \vbox (1.04134pt too high) has occurred while \output is active []


Overfull \hbox (5.99998pt too wide) has occurred while \output is active
[][][][] 
 []

[59

]
Overfull \hbox (5.99998pt too wide) in paragraph at lines 1004--1004
[][][][]  
 []


Overfull \vbox (1.04134pt too high) detected at line 1004
 []


Underfull \hbox (badness 3375) in paragraph at lines 1004--1004
\OT1/ptm/m/n/10 cion de re-cur-sos me-dian-te ML
 []



File: shields/shield-bg.pdf Graphic file (type pdf)
<use shields/shield-bg.pdf>
Package pdftex.def Info: shields/shield-bg.pdf  used on input line 1004.
(pdftex.def)             Requested size: 140.83984pt x 217.66156pt.

Overfull \vbox (1.04134pt too high) has occurred while \output is active []


Overfull \hbox (5.99998pt too wide) has occurred while \output is active
[][][][] 
 []

[60

]
Overfull \hbox (5.99998pt too wide) in paragraph at lines 1012--1012
[][][][]  
 []


Overfull \vbox (1.04134pt too high) detected at line 1012
 []

(./beamer.bbl)

File: shields/shield-bg.pdf Graphic file (type pdf)
<use shields/shield-bg.pdf>
Package pdftex.def Info: shields/shield-bg.pdf  used on input line 1012.
(pdftex.def)             Requested size: 140.83984pt x 217.66156pt.

Overfull \vbox (1.04134pt too high) has occurred while \output is active []


Overfull \hbox (5.99998pt too wide) has occurred while \output is active
[][][][] 
 []

[61

]

File: shields/shield-bg.pdf Graphic file (type pdf)
<use shields/shield-bg.pdf>
Package pdftex.def Info: shields/shield-bg.pdf  used on input line 1012.
(pdftex.def)             Requested size: 140.83984pt x 217.66156pt.

Overfull \vbox (1.04134pt too high) has occurred while \output is active []


Overfull \hbox (5.99998pt too wide) has occurred while \output is active
[][][][] 
 []

[62


]

File: shields/shield-bg.pdf Graphic file (type pdf)
<use shields/shield-bg.pdf>
Package pdftex.def Info: shields/shield-bg.pdf  used on input line 1012.
(pdftex.def)             Requested size: 140.83984pt x 217.66156pt.

Overfull \vbox (1.04134pt too high) has occurred while \output is active []


Overfull \hbox (5.99998pt too wide) has occurred while \output is active
[][][][] 
 []

[63


]
\tf@nav=\write7
\openout7 = `beamer.nav'.

\tf@toc=\write8
\openout8 = `beamer.toc'.

\tf@snm=\write9
\openout9 = `beamer.snm'.

(./beamer.aux
LaTeX Info: Redefining \. on input line 12.
LaTeX Info: Redefining \% on input line 12.
)
 ***********
LaTeX2e <2024-11-01> patch level 2
L3 programming layer <2025-01-18>
 ***********
Package rerunfilecheck Info: File `beamer.out' has not changed.
(rerunfilecheck)             Checksum: 45345643C4B03BC82347BC65293DF58F;1136.
 ) 
Here is how much of TeX's memory you used:
 31443 strings out of 473197
 607268 string characters out of 5718605
 973542 words of memory out of 5000000
 53872 multiletter control sequences out of 15000+600000
 603438 words of font info for 144 fonts, out of 8000000 for 9000
 1141 hyphenation exceptions out of 8191
 128i,20n,123p,401b,659s stack positions out of 10000i,1000n,20000p,200000b,200000s
</usr/share/texlive/texmf-dist/fonts/type1/public/amsfonts/cm/cmex10.pfb></us
r/share/texlive/texmf-dist/fonts/type1/public/amsfonts/cm/cmmi10.pfb></usr/shar
e/texlive/texmf-dist/fonts/type1/public/amsfonts/cm/cmr10.pfb></usr/share/texli
ve/texmf-dist/fonts/type1/public/amsfonts/cm/cmsy10.pfb></usr/share/texlive/tex
mf-dist/fonts/type1/public/mathpazo/fplmr.pfb></usr/share/texlive/texmf-dist/fo
nts/type1/public/mathpazo/fplmri.pfb></usr/share/texmf/fonts/type1/public/cm-su
per/sfrm1095.pfb></usr/share/texlive/texmf-dist/fonts/type1/urw/palatino/uplr8a
.pfb></usr/share/texlive/texmf-dist/fonts/type1/urw/palatino/uplri8a.pfb></usr/
share/texlive/texmf-dist/fonts/type1/urw/times/utmb8a.pfb></usr/share/texlive/t
exmf-dist/fonts/type1/urw/times/utmr8a.pfb></usr/share/texlive/texmf-dist/fonts
/type1/urw/times/utmri8a.pfb>
Output written on beamer.pdf (63 pages, 15146490 bytes).
PDF statistics:
 2925 PDF objects out of 2984 (max. 8388607)
 2218 compressed objects within 23 object streams
 145 named destinations out of 1000 (max. 500000)
 269 words of extra memory for PDF output out of 10000 (max. 10000000)

